#
# There is insufficient memory for the Java Runtime Environment to continue.
# Native memory allocation (malloc) failed to allocate 1133104 bytes. Error detail: Chunk::new
# Possible reasons:
#   The system is out of physical RAM or swap space
#   This process is running with CompressedOops enabled, and the Java Heap may be blocking the growth of the native heap
# Possible solutions:
#   Reduce memory load on the system
#   Increase physical memory or swap space
#   Check if swap backing store is full
#   Decrease Java heap size (-Xmx/-Xms)
#   Decrease number of Java threads
#   Decrease Java thread stack sizes (-Xss)
#   Set larger code cache with -XX:ReservedCodeCacheSize=
#   JVM is running with Unscaled Compressed Oops mode in which the Java heap is
#     placed in the first 4GB address space. The Java Heap base address is the
#     maximum limit for the native heap growth. Please use -XX:HeapBaseMinAddress
#     to set the Java Heap base and to place the Java Heap above 4GB virtual address.
# This output file may be truncated or incomplete.
#
#  Out of Memory Error (arena.cpp:149), pid=21560, tid=3024
#
# JRE version: Java(TM) SE Runtime Environment (23.0+37) (build 23+37-2369)
# Java VM: Java HotSpot(TM) 64-Bit Server VM (23+37-2369, mixed mode, sharing, tiered, compressed oops, compressed class ptrs, g1 gc, windows-amd64)
# No core dump will be written. Minidumps are not enabled by default on client versions of Windows
#

---------------  S U M M A R Y ------------

Command Line: -javaagent:C:\Program Files\JetBrains\IntelliJ IDEA Community Edition 2024.2.3\lib\idea_rt.jar=59437:C:\Program Files\JetBrains\IntelliJ IDEA Community Edition 2024.2.3\bin -Dfile.encoding=UTF-8 -Dsun.stdout.encoding=UTF-8 -Dsun.stderr.encoding=UTF-8 org.example.Main

Host: AMD Ryzen 5 4600H with Radeon Graphics         , 12 cores, 7G,  Windows 11 , 64 bit Build 22621 (10.0.22621.4391)
Time: Fri Nov 22 10:46:10 2024 SE Asia Standard Time elapsed time: 196.998855 seconds (0d 0h 3m 16s)

---------------  T H R E A D  ---------------

Current thread (0x000002605ec66e70):  JavaThread "C2 CompilerThread0" daemon [_thread_in_native, id=3024, stack(0x000000bb01e00000,0x000000bb01f00000) (1024K)]


Current CompileTask:
C2:196998 9472       4       org.springframework.core.ResolvableType::forType (112 bytes)

Stack: [0x000000bb01e00000,0x000000bb01f00000]
Native frames: (J=compiled Java code, j=interpreted, Vv=VM code, C=native code)
V  [jvm.dll+0x6e08a9]  (no source info available)
V  [jvm.dll+0x87da63]  (no source info available)
V  [jvm.dll+0x87feee]  (no source info available)
V  [jvm.dll+0x8805c3]  (no source info available)
V  [jvm.dll+0x27aee6]  (no source info available)
V  [jvm.dll+0xbc06f]  (no source info available)
V  [jvm.dll+0xbc2cb]  (no source info available)
V  [jvm.dll+0x3b3a9c]  (no source info available)
V  [jvm.dll+0x38a42b]  (no source info available)
V  [jvm.dll+0x38989a]  (no source info available)
V  [jvm.dll+0x244aa1]  (no source info available)
V  [jvm.dll+0x243dff]  (no source info available)
V  [jvm.dll+0x1c33a0]  (no source info available)
V  [jvm.dll+0x253cf1]  (no source info available)
V  [jvm.dll+0x251faa]  (no source info available)
V  [jvm.dll+0x3ee036]  (no source info available)
V  [jvm.dll+0x824f1b]  (no source info available)
V  [jvm.dll+0x6df055]  (no source info available)
C  [ucrtbase.dll+0x29333]  (no source info available)
C  [KERNEL32.DLL+0x1259d]  (no source info available)
C  [ntdll.dll+0x5af38]  (no source info available)

Lock stack of current Java thread (top to bottom):


---------------  P R O C E S S  ---------------

Threads class SMR info:
_java_thread_list=0x00000260aa628910, length=29, elements={
0x000002605ec4e990, 0x000002605ec53760, 0x000002605ec58cd0, 0x000002605ec5a080,
0x000002605ec59360, 0x000002605ec599f0, 0x000002605ec66e70, 0x000002605ec72c70,
0x000002605ec56c00, 0x000002605ec57290, 0x000002605ec57920, 0x00000260a58cddb0,
0x00000260a58cbce0, 0x00000260a793b160, 0x00000260a793df50, 0x00000260a793b7f0,
0x00000260a7939db0, 0x00000260a58cb650, 0x00000260b0114500, 0x00000260b0114b90,
0x00000260b0119a50, 0x00000260b0115220, 0x00000260b0118010, 0x00000260b011a770,
0x00000260b0117980, 0x00000260b0115f40, 0x00000260b01186a0, 0x00000260b01158b0,
0x00000260b01165d0
}

Java Threads: ( => current thread )
  0x000002605ec4e990 JavaThread "Reference Handler"          daemon [_thread_blocked, id=24152, stack(0x000000bb01800000,0x000000bb01900000) (1024K)]
  0x000002605ec53760 JavaThread "Finalizer"                  daemon [_thread_blocked, id=17708, stack(0x000000bb01900000,0x000000bb01a00000) (1024K)]
  0x000002605ec58cd0 JavaThread "Signal Dispatcher"          daemon [_thread_blocked, id=5276, stack(0x000000bb01a00000,0x000000bb01b00000) (1024K)]
  0x000002605ec5a080 JavaThread "Attach Listener"            daemon [_thread_blocked, id=12416, stack(0x000000bb01b00000,0x000000bb01c00000) (1024K)]
  0x000002605ec59360 JavaThread "Service Thread"             daemon [_thread_blocked, id=21972, stack(0x000000bb01c00000,0x000000bb01d00000) (1024K)]
  0x000002605ec599f0 JavaThread "Monitor Deflation Thread"   daemon [_thread_blocked, id=4572, stack(0x000000bb01d00000,0x000000bb01e00000) (1024K)]
=>0x000002605ec66e70 JavaThread "C2 CompilerThread0"         daemon [_thread_in_native, id=3024, stack(0x000000bb01e00000,0x000000bb01f00000) (1024K)]
  0x000002605ec72c70 JavaThread "C1 CompilerThread0"         daemon [_thread_blocked, id=1368, stack(0x000000bb01f00000,0x000000bb02000000) (1024K)]
  0x000002605ec56c00 JavaThread "Common-Cleaner"             daemon [_thread_blocked, id=17496, stack(0x000000bb02000000,0x000000bb02100000) (1024K)]
  0x000002605ec57290 JavaThread "Monitor Ctrl-Break"         daemon [_thread_in_native, id=9628, stack(0x000000bb02200000,0x000000bb02300000) (1024K)]
  0x000002605ec57920 JavaThread "Notification Thread"        daemon [_thread_blocked, id=19628, stack(0x000000bb02300000,0x000000bb02400000) (1024K)]
  0x00000260a58cddb0 JavaThread "mysql-cj-abandoned-connection-cleanup" daemon [_thread_blocked, id=13836, stack(0x000000bb03000000,0x000000bb03100000) (1024K)]
  0x00000260a58cbce0 JavaThread "HikariPool-1 housekeeper"   daemon [_thread_blocked, id=6940, stack(0x000000bb03200000,0x000000bb03300000) (1024K)]
  0x00000260a793b160 JavaThread "Catalina-utility-1"                [_thread_blocked, id=7996, stack(0x000000bb03400000,0x000000bb03500000) (1024K)]
  0x00000260a793df50 JavaThread "Catalina-utility-2"                [_thread_blocked, id=5152, stack(0x000000bb03500000,0x000000bb03600000) (1024K)]
  0x00000260a793b7f0 JavaThread "container-0"                       [_thread_blocked, id=12172, stack(0x000000bb03600000,0x000000bb03700000) (1024K)]
  0x00000260a7939db0 JavaThread "http-nio-8080-exec-1"       daemon [_thread_blocked, id=24004, stack(0x000000bb03700000,0x000000bb03800000) (1024K)]
  0x00000260a58cb650 JavaThread "http-nio-8080-exec-2"       daemon [_thread_blocked, id=18780, stack(0x000000bb03800000,0x000000bb03900000) (1024K)]
  0x00000260b0114500 JavaThread "http-nio-8080-exec-3"       daemon [_thread_blocked, id=6504, stack(0x000000bb03900000,0x000000bb03a00000) (1024K)]
  0x00000260b0114b90 JavaThread "http-nio-8080-exec-4"       daemon [_thread_blocked, id=2136, stack(0x000000bb03a00000,0x000000bb03b00000) (1024K)]
  0x00000260b0119a50 JavaThread "http-nio-8080-exec-5"       daemon [_thread_blocked, id=11892, stack(0x000000bb03b00000,0x000000bb03c00000) (1024K)]
  0x00000260b0115220 JavaThread "http-nio-8080-exec-6"       daemon [_thread_blocked, id=14208, stack(0x000000bb03c00000,0x000000bb03d00000) (1024K)]
  0x00000260b0118010 JavaThread "http-nio-8080-exec-7"       daemon [_thread_blocked, id=12784, stack(0x000000bb03d00000,0x000000bb03e00000) (1024K)]
  0x00000260b011a770 JavaThread "http-nio-8080-exec-8"       daemon [_thread_blocked, id=24536, stack(0x000000bb03e00000,0x000000bb03f00000) (1024K)]
  0x00000260b0117980 JavaThread "http-nio-8080-exec-9"       daemon [_thread_blocked, id=19844, stack(0x000000bb03f00000,0x000000bb04000000) (1024K)]
  0x00000260b0115f40 JavaThread "http-nio-8080-exec-10"      daemon [_thread_blocked, id=17016, stack(0x000000bb04000000,0x000000bb04100000) (1024K)]
  0x00000260b01186a0 JavaThread "http-nio-8080-Poller"       daemon [_thread_in_native, id=11944, stack(0x000000bb04100000,0x000000bb04200000) (1024K)]
  0x00000260b01158b0 JavaThread "http-nio-8080-Acceptor"     daemon [_thread_in_native, id=19764, stack(0x000000bb04200000,0x000000bb04300000) (1024K)]
  0x00000260b01165d0 JavaThread "DestroyJavaVM"                     [_thread_blocked, id=2440, stack(0x000000bb01000000,0x000000bb01100000) (1024K)]
Total: 29

Other Threads:
  0x000002605ec379a0 VMThread "VM Thread"                           [id=21040, stack(0x000000bb01700000,0x000000bb01800000) (1024K)]
  0x000002605ec24370 WatcherThread "VM Periodic Task Thread"        [id=10972, stack(0x000000bb01600000,0x000000bb01700000) (1024K)]
  0x0000026041d929c0 WorkerThread "GC Thread#0"                     [id=11800, stack(0x000000bb01100000,0x000000bb01200000) (1024K)]
  0x00000260a4d43bf0 WorkerThread "GC Thread#1"                     [id=9688, stack(0x000000bb02400000,0x000000bb02500000) (1024K)]
  0x00000260a4de68c0 WorkerThread "GC Thread#2"                     [id=7416, stack(0x000000bb02500000,0x000000bb02600000) (1024K)]
  0x00000260a4de8ce0 WorkerThread "GC Thread#3"                     [id=21964, stack(0x000000bb02600000,0x000000bb02700000) (1024K)]
  0x00000260a4dea930 WorkerThread "GC Thread#4"                     [id=22668, stack(0x000000bb02700000,0x000000bb02800000) (1024K)]
  0x00000260a4dca670 WorkerThread "GC Thread#5"                     [id=17828, stack(0x000000bb02800000,0x000000bb02900000) (1024K)]
  0x00000260a4dcaa20 WorkerThread "GC Thread#6"                     [id=18188, stack(0x000000bb02900000,0x000000bb02a00000) (1024K)]
  0x00000260a4da23d0 WorkerThread "GC Thread#7"                     [id=17172, stack(0x000000bb02c00000,0x000000bb02d00000) (1024K)]
  0x00000260a4da0a00 WorkerThread "GC Thread#8"                     [id=5720, stack(0x000000bb02d00000,0x000000bb02e00000) (1024K)]
  0x00000260a4da0db0 WorkerThread "GC Thread#9"                     [id=2068, stack(0x000000bb02e00000,0x000000bb02f00000) (1024K)]
  0x000002603fa6dab0 ConcurrentGCThread "G1 Main Marker"            [id=21624, stack(0x000000bb01200000,0x000000bb01300000) (1024K)]
  0x000002603fa6e770 WorkerThread "G1 Conc#0"                       [id=940, stack(0x000000bb01300000,0x000000bb01400000) (1024K)]
  0x00000260a510c290 WorkerThread "G1 Conc#1"                       [id=24180, stack(0x000000bb02a00000,0x000000bb02b00000) (1024K)]
  0x00000260a510e010 WorkerThread "G1 Conc#2"                       [id=11344, stack(0x000000bb02f00000,0x000000bb03000000) (1024K)]
  0x000002605eaf61b0 ConcurrentGCThread "G1 Refine#0"               [id=20588, stack(0x000000bb01400000,0x000000bb01500000) (1024K)]
  0x000002605eaf6b40 ConcurrentGCThread "G1 Service"                [id=20192, stack(0x000000bb01500000,0x000000bb01600000) (1024K)]
Total: 18

Threads with active compile tasks:
C2 CompilerThread0  197101 9472       4       org.springframework.core.ResolvableType::forType (112 bytes)
Total: 1

VM state: not at safepoint (normal execution)

VM Mutex/Monitor currently owned by a thread: None

Heap address: 0x0000000089800000, size: 1896 MB, Compressed Oops mode: 32-bit

CDS archive(s) mapped at: [0x000002605f000000-0x000002605fd70000-0x000002605fd70000), size 14090240, SharedBaseAddress: 0x000002605f000000, ArchiveRelocationMode: 1.
Compressed class space mapped at: 0x0000026060000000-0x00000260a0000000, reserved size: 1073741824
Narrow klass base: 0x000002605f000000, Narrow klass shift: 0, Narrow klass range: 0x41000000

GC Precious Log:
 CardTable entry size: 512
 Card Set container configuration: InlinePtr #cards 5 size 8 Array Of Cards #cards 10 size 36 Howl #buckets 4 coarsen threshold 1843 Howl Bitmap #cards 512 size 80 coarsen threshold 460 Card regions per heap region 1 cards per card region 2048
 CPUs: 12 total, 12 available
 Memory: 7579M
 Large Page Support: Disabled
 NUMA Support: Disabled
 Compressed Oops: Enabled (32-bit)
 Heap Region Size: 1M
 Heap Min Capacity: 8M
 Heap Initial Capacity: 120M
 Heap Max Capacity: 1896M
 Pre-touch: Disabled
 Parallel Workers: 10
 Concurrent Workers: 3
 Concurrent Refinement Workers: 10
 Periodic GC: Disabled

Heap:
 garbage-first heap   total reserved 1941504K, committed 80896K, used 59488K [0x0000000089800000, 0x0000000100000000)
  region size 1024K, 23 young (23552K), 4 survivors (4096K)
 Metaspace       used 83290K, committed 84096K, reserved 1179648K
  class space    used 11568K, committed 11904K, reserved 1048576K

Heap Regions: E=young(eden), S=young(survivor), O=old, HS=humongous(starts), HC=humongous(continues), CS=collection set, F=free, TAMS=top-at-mark-start, PB=parsable bottom
|   0|0x0000000089800000, 0x0000000089900000, 0x0000000089900000|100%|HS|  |TAMS 0x0000000089800000| PB 0x0000000089800000| Complete |  0
|   1|0x0000000089900000, 0x0000000089a00000, 0x0000000089a00000|100%| O|  |TAMS 0x0000000089900000| PB 0x0000000089900000| Untracked |  0
|   2|0x0000000089a00000, 0x0000000089b00000, 0x0000000089b00000|100%| O|  |TAMS 0x0000000089a00000| PB 0x0000000089a00000| Untracked |  0
|   3|0x0000000089b00000, 0x0000000089c00000, 0x0000000089c00000|100%| O|  |TAMS 0x0000000089b00000| PB 0x0000000089b00000| Untracked |  0
|   4|0x0000000089c00000, 0x0000000089d00000, 0x0000000089d00000|100%| O|  |TAMS 0x0000000089c00000| PB 0x0000000089c00000| Untracked |  0
|   5|0x0000000089d00000, 0x0000000089e00000, 0x0000000089e00000|100%| O|  |TAMS 0x0000000089d00000| PB 0x0000000089d00000| Untracked |  0
|   6|0x0000000089e00000, 0x0000000089f00000, 0x0000000089f00000|100%| O|  |TAMS 0x0000000089e00000| PB 0x0000000089e00000| Untracked |  0
|   7|0x0000000089f00000, 0x000000008a000000, 0x000000008a000000|100%| O|  |TAMS 0x0000000089f00000| PB 0x0000000089f00000| Untracked |  0
|   8|0x000000008a000000, 0x000000008a100000, 0x000000008a100000|100%| O|  |TAMS 0x000000008a000000| PB 0x000000008a000000| Untracked |  0
|   9|0x000000008a100000, 0x000000008a200000, 0x000000008a200000|100%| O|  |TAMS 0x000000008a100000| PB 0x000000008a100000| Untracked |  0
|  10|0x000000008a200000, 0x000000008a300000, 0x000000008a300000|100%| O|  |TAMS 0x000000008a200000| PB 0x000000008a200000| Untracked |  0
|  11|0x000000008a300000, 0x000000008a400000, 0x000000008a400000|100%| O|  |TAMS 0x000000008a300000| PB 0x000000008a300000| Untracked |  0
|  12|0x000000008a400000, 0x000000008a500000, 0x000000008a500000|100%| O|  |TAMS 0x000000008a400000| PB 0x000000008a400000| Untracked |  0
|  13|0x000000008a500000, 0x000000008a600000, 0x000000008a600000|100%| O|  |TAMS 0x000000008a500000| PB 0x000000008a500000| Untracked |  0
|  14|0x000000008a600000, 0x000000008a700000, 0x000000008a700000|100%| O|  |TAMS 0x000000008a600000| PB 0x000000008a600000| Untracked |  0
|  15|0x000000008a700000, 0x000000008a800000, 0x000000008a800000|100%| O|  |TAMS 0x000000008a700000| PB 0x000000008a700000| Untracked |  0
|  16|0x000000008a800000, 0x000000008a900000, 0x000000008a900000|100%| O|  |TAMS 0x000000008a800000| PB 0x000000008a800000| Untracked |  0
|  17|0x000000008a900000, 0x000000008aa00000, 0x000000008aa00000|100%| O|  |TAMS 0x000000008a900000| PB 0x000000008a900000| Untracked |  0
|  18|0x000000008aa00000, 0x000000008ab00000, 0x000000008ab00000|100%| O|  |TAMS 0x000000008aa00000| PB 0x000000008aa00000| Untracked |  0
|  19|0x000000008ab00000, 0x000000008ac00000, 0x000000008ac00000|100%| O|Cm|TAMS 0x000000008ab00000| PB 0x000000008ab00000| Complete |  0
|  20|0x000000008ac00000, 0x000000008ad00000, 0x000000008ad00000|100%| O|  |TAMS 0x000000008ac00000| PB 0x000000008ac00000| Untracked |  0
|  21|0x000000008ad00000, 0x000000008ae00000, 0x000000008ae00000|100%| O|  |TAMS 0x000000008ad00000| PB 0x000000008ad00000| Untracked |  0
|  22|0x000000008ae00000, 0x000000008af00000, 0x000000008af00000|100%| O|  |TAMS 0x000000008ae00000| PB 0x000000008ae00000| Untracked |  0
|  23|0x000000008af00000, 0x000000008b000000, 0x000000008b000000|100%| O|  |TAMS 0x000000008af00000| PB 0x000000008af00000| Untracked |  0
|  24|0x000000008b000000, 0x000000008b100000, 0x000000008b100000|100%| O|Cm|TAMS 0x000000008b000000| PB 0x000000008b000000| Complete |  0
|  25|0x000000008b100000, 0x000000008b200000, 0x000000008b200000|100%| O|  |TAMS 0x000000008b100000| PB 0x000000008b100000| Untracked |  0
|  26|0x000000008b200000, 0x000000008b300000, 0x000000008b300000|100%| O|  |TAMS 0x000000008b200000| PB 0x000000008b200000| Untracked |  0
|  27|0x000000008b300000, 0x000000008b400000, 0x000000008b400000|100%| O|  |TAMS 0x000000008b300000| PB 0x000000008b300000| Untracked |  0
|  28|0x000000008b400000, 0x000000008b500000, 0x000000008b500000|100%| O|  |TAMS 0x000000008b400000| PB 0x000000008b400000| Untracked |  0
|  29|0x000000008b500000, 0x000000008b600000, 0x000000008b600000|100%| O|  |TAMS 0x000000008b500000| PB 0x000000008b500000| Untracked |  0
|  30|0x000000008b600000, 0x000000008b700000, 0x000000008b700000|100%| O|  |TAMS 0x000000008b600000| PB 0x000000008b600000| Untracked |  0
|  31|0x000000008b700000, 0x000000008b800000, 0x000000008b800000|100%| O|  |TAMS 0x000000008b700000| PB 0x000000008b700000| Untracked |  0
|  32|0x000000008b800000, 0x000000008b900000, 0x000000008b900000|100%| O|  |TAMS 0x000000008b800000| PB 0x000000008b800000| Untracked |  0
|  33|0x000000008b900000, 0x000000008ba00000, 0x000000008ba00000|100%| O|  |TAMS 0x000000008b900000| PB 0x000000008b900000| Untracked |  0
|  34|0x000000008ba00000, 0x000000008bb00000, 0x000000008bb00000|100%| O|  |TAMS 0x000000008ba00000| PB 0x000000008ba00000| Untracked |  0
|  35|0x000000008bb00000, 0x000000008bc00000, 0x000000008bc00000|100%| O|  |TAMS 0x000000008bb00000| PB 0x000000008bb00000| Untracked |  0
|  36|0x000000008bc00000, 0x000000008bc00000, 0x000000008bd00000|  0%| F|  |TAMS 0x000000008bc00000| PB 0x000000008bc00000| Untracked |  0
|  37|0x000000008bd00000, 0x000000008bd00000, 0x000000008be00000|  0%| F|  |TAMS 0x000000008bd00000| PB 0x000000008bd00000| Untracked |  0
|  38|0x000000008be00000, 0x000000008bf00000, 0x000000008bf00000|100%| O|  |TAMS 0x000000008be00000| PB 0x000000008be00000| Untracked |  0
|  39|0x000000008bf00000, 0x000000008bffd460, 0x000000008c000000| 98%| O|  |TAMS 0x000000008bf00000| PB 0x000000008bf00000| Untracked |  0
|  40|0x000000008c000000, 0x000000008c000000, 0x000000008c100000|  0%| F|  |TAMS 0x000000008c000000| PB 0x000000008c000000| Untracked |  0
|  41|0x000000008c100000, 0x000000008c100000, 0x000000008c200000|  0%| F|  |TAMS 0x000000008c100000| PB 0x000000008c100000| Untracked |  0
|  42|0x000000008c200000, 0x000000008c200000, 0x000000008c300000|  0%| F|  |TAMS 0x000000008c200000| PB 0x000000008c200000| Untracked |  0
|  43|0x000000008c300000, 0x000000008c300000, 0x000000008c400000|  0%| F|  |TAMS 0x000000008c300000| PB 0x000000008c300000| Untracked |  0
|  44|0x000000008c400000, 0x000000008c400000, 0x000000008c500000|  0%| F|  |TAMS 0x000000008c400000| PB 0x000000008c400000| Untracked |  0
|  45|0x000000008c500000, 0x000000008c51aee0, 0x000000008c600000| 10%| S|CS|TAMS 0x000000008c500000| PB 0x000000008c500000| Complete |  0
|  46|0x000000008c600000, 0x000000008c700000, 0x000000008c700000|100%| S|CS|TAMS 0x000000008c600000| PB 0x000000008c600000| Complete |  0
|  47|0x000000008c700000, 0x000000008c800000, 0x000000008c800000|100%| S|CS|TAMS 0x000000008c700000| PB 0x000000008c700000| Complete |  0
|  48|0x000000008c800000, 0x000000008c900000, 0x000000008c900000|100%| S|CS|TAMS 0x000000008c800000| PB 0x000000008c800000| Complete |  0
|  49|0x000000008c900000, 0x000000008c900000, 0x000000008ca00000|  0%| F|  |TAMS 0x000000008c900000| PB 0x000000008c900000| Untracked |  0
|  50|0x000000008ca00000, 0x000000008ca00000, 0x000000008cb00000|  0%| F|  |TAMS 0x000000008ca00000| PB 0x000000008ca00000| Untracked |  0
|  51|0x000000008cb00000, 0x000000008cb00000, 0x000000008cc00000|  0%| F|  |TAMS 0x000000008cb00000| PB 0x000000008cb00000| Untracked |  0
|  52|0x000000008cc00000, 0x000000008cc00000, 0x000000008cd00000|  0%| F|  |TAMS 0x000000008cc00000| PB 0x000000008cc00000| Untracked |  0
|  53|0x000000008cd00000, 0x000000008cd00000, 0x000000008ce00000|  0%| F|  |TAMS 0x000000008cd00000| PB 0x000000008cd00000| Untracked |  0
|  54|0x000000008ce00000, 0x000000008ce00000, 0x000000008cf00000|  0%| F|  |TAMS 0x000000008ce00000| PB 0x000000008ce00000| Untracked |  0
|  55|0x000000008cf00000, 0x000000008cf00000, 0x000000008d000000|  0%| F|  |TAMS 0x000000008cf00000| PB 0x000000008cf00000| Untracked |  0
|  56|0x000000008d000000, 0x000000008d000000, 0x000000008d100000|  0%| F|  |TAMS 0x000000008d000000| PB 0x000000008d000000| Untracked |  0
|  57|0x000000008d100000, 0x000000008d100000, 0x000000008d200000|  0%| F|  |TAMS 0x000000008d100000| PB 0x000000008d100000| Untracked |  0
|  58|0x000000008d200000, 0x000000008d200000, 0x000000008d300000|  0%| F|  |TAMS 0x000000008d200000| PB 0x000000008d200000| Untracked |  0
|  59|0x000000008d300000, 0x000000008d300000, 0x000000008d400000|  0%| F|  |TAMS 0x000000008d300000| PB 0x000000008d300000| Untracked |  0
|  60|0x000000008d400000, 0x000000008d4bc140, 0x000000008d500000| 73%| E|  |TAMS 0x000000008d400000| PB 0x000000008d400000| Complete |  0
|  61|0x000000008d500000, 0x000000008d600000, 0x000000008d600000|100%| E|CS|TAMS 0x000000008d500000| PB 0x000000008d500000| Complete |  0
|  62|0x000000008d600000, 0x000000008d700000, 0x000000008d700000|100%| E|CS|TAMS 0x000000008d600000| PB 0x000000008d600000| Complete |  0
|  63|0x000000008d700000, 0x000000008d800000, 0x000000008d800000|100%| E|CS|TAMS 0x000000008d700000| PB 0x000000008d700000| Complete |  0
|  64|0x000000008d800000, 0x000000008d900000, 0x000000008d900000|100%| E|CS|TAMS 0x000000008d800000| PB 0x000000008d800000| Complete |  0
|  65|0x000000008d900000, 0x000000008da00000, 0x000000008da00000|100%| E|CS|TAMS 0x000000008d900000| PB 0x000000008d900000| Complete |  0
|  66|0x000000008da00000, 0x000000008db00000, 0x000000008db00000|100%| E|CS|TAMS 0x000000008da00000| PB 0x000000008da00000| Complete |  0
|  67|0x000000008db00000, 0x000000008dc00000, 0x000000008dc00000|100%| E|CS|TAMS 0x000000008db00000| PB 0x000000008db00000| Complete |  0
|  68|0x000000008dc00000, 0x000000008dd00000, 0x000000008dd00000|100%| E|CS|TAMS 0x000000008dc00000| PB 0x000000008dc00000| Complete |  0
|  69|0x000000008dd00000, 0x000000008de00000, 0x000000008de00000|100%| E|CS|TAMS 0x000000008dd00000| PB 0x000000008dd00000| Complete |  0
|  70|0x000000008de00000, 0x000000008df00000, 0x000000008df00000|100%| E|CS|TAMS 0x000000008de00000| PB 0x000000008de00000| Complete |  0
|  71|0x000000008df00000, 0x000000008e000000, 0x000000008e000000|100%| E|CS|TAMS 0x000000008df00000| PB 0x000000008df00000| Complete |  0
|  72|0x000000008e000000, 0x000000008e100000, 0x000000008e100000|100%| E|CS|TAMS 0x000000008e000000| PB 0x000000008e000000| Complete |  0
|  73|0x000000008e100000, 0x000000008e200000, 0x000000008e200000|100%| E|CS|TAMS 0x000000008e100000| PB 0x000000008e100000| Complete |  0
|  74|0x000000008e200000, 0x000000008e300000, 0x000000008e300000|100%| E|CS|TAMS 0x000000008e200000| PB 0x000000008e200000| Complete |  0
|  75|0x000000008e300000, 0x000000008e400000, 0x000000008e400000|100%| E|CS|TAMS 0x000000008e300000| PB 0x000000008e300000| Complete |  0
|  76|0x000000008e400000, 0x000000008e500000, 0x000000008e500000|100%| E|CS|TAMS 0x000000008e400000| PB 0x000000008e400000| Complete |  0
|  77|0x000000008e500000, 0x000000008e600000, 0x000000008e600000|100%| E|CS|TAMS 0x000000008e500000| PB 0x000000008e500000| Complete |  0
| 119|0x0000000090f00000, 0x0000000091000000, 0x0000000091000000|100%| E|  |TAMS 0x0000000090f00000| PB 0x0000000090f00000| Complete |  0

Card table byte_map: [0x0000026059e90000,0x000002605a250000] _byte_map_base: 0x0000026059a44000

Marking Bits: (CMBitMap*) 0x0000026041d930d0
 Bits: [0x000002605a250000, 0x000002605bff0000)

Polling page: 0x000002603fc20000

Metaspace:

Usage:
  Non-class:     70.04 MB used.
      Class:     11.30 MB used.
       Both:     81.34 MB used.

Virtual space:
  Non-class space:      128.00 MB reserved,      70.50 MB ( 55%) committed,  2 nodes.
      Class space:        1.00 GB reserved,      11.62 MB (  1%) committed,  1 nodes.
             Both:        1.12 GB reserved,      82.12 MB (  7%) committed. 

Chunk freelists:
   Non-Class:  8.61 MB
       Class:  4.27 MB
        Both:  12.88 MB

MaxMetaspaceSize: unlimited
CompressedClassSpaceSize: 1.00 GB
Initial GC threshold: 21.00 MB
Current GC threshold: 130.25 MB
CDS: on
 - commit_granule_bytes: 65536.
 - commit_granule_words: 8192.
 - virtual_space_node_default_size: 8388608.
 - enlarge_chunks_in_place: 1.
 - use_allocation_guard: 0.


Internal statistics:

num_allocs_failed_limit: 9.
num_arena_births: 1212.
num_arena_deaths: 0.
num_vsnodes_births: 3.
num_vsnodes_deaths: 0.
num_space_committed: 1314.
num_space_uncommitted: 0.
num_chunks_returned_to_freelist: 9.
num_chunks_taken_from_freelist: 4077.
num_chunk_merges: 9.
num_chunk_splits: 2955.
num_chunks_enlarged: 2326.
num_inconsistent_stats: 0.

CodeHeap 'non-profiled nmethods': size=120064Kb used=4178Kb max_used=4178Kb free=115885Kb
 bounds [0x0000026051f20000, 0x0000026052340000, 0x0000026059460000]
CodeHeap 'profiled nmethods': size=120000Kb used=11652Kb max_used=11652Kb free=108347Kb
 bounds [0x000002604a460000, 0x000002604afd0000, 0x0000026051990000]
CodeHeap 'non-nmethods': size=5696Kb used=1769Kb max_used=1817Kb free=3927Kb
 bounds [0x0000026051990000, 0x0000026051c00000, 0x0000026051f20000]
CodeCache: size=245760Kb, used=17599Kb, max_used=17647Kb, free=228159Kb
 total_blobs=9003, nmethods=8205, adapters=702, full_count=0
Compilation: enabled, stopped_count=0, restarted_count=0

Compilation events (20 events):
Event: 196.837 Thread 0x000002605ec72c70 9522       1       org.example.dto.TourOrderDTO::getTotalPrice (5 bytes)
Event: 196.838 Thread 0x000002605ec72c70 nmethod 9522 0x0000026052332e88 code [0x0000026052332fa0, 0x0000026052333068]
Event: 196.838 Thread 0x000002605ec72c70 9523       3       java.util.concurrent.atomic.AtomicBoolean::<init> (14 bytes)
Event: 196.838 Thread 0x000002605ec72c70 nmethod 9523 0x000002604afc0788 code [0x000002604afc08a0, 0x000002604afc0a48]
Event: 196.838 Thread 0x000002605ec72c70 9524       1       org.example.dto.TourOrderDTO::getNote (5 bytes)
Event: 196.838 Thread 0x000002605ec72c70 nmethod 9524 0x0000026052333188 code [0x00000260523332a0, 0x0000026052333368]
Event: 196.839 Thread 0x000002605ec72c70 9525       1       org.example.dto.TourOrderDTO::getOrderDate (5 bytes)
Event: 196.839 Thread 0x000002605ec72c70 nmethod 9525 0x0000026052333488 code [0x00000260523335a0, 0x0000026052333668]
Event: 196.839 Thread 0x000002605ec72c70 9526       1       org.example.dto.TourOrderDTO::getTotalMember (5 bytes)
Event: 196.839 Thread 0x000002605ec72c70 nmethod 9526 0x0000026052333788 code [0x00000260523338a0, 0x0000026052333968]
Event: 196.839 Thread 0x000002605ec72c70 9527       1       org.example.dto.TourOrderDTO::getTour (5 bytes)
Event: 196.839 Thread 0x000002605ec72c70 nmethod 9527 0x0000026052333a88 code [0x0000026052333ba0, 0x0000026052333c68]
Event: 196.840 Thread 0x000002605ec72c70 9528       1       org.example.dto.TourOrderDTO::getQuantity (5 bytes)
Event: 196.840 Thread 0x000002605ec72c70 nmethod 9528 0x0000026052333d88 code [0x0000026052333ea0, 0x0000026052333f68]
Event: 196.840 Thread 0x000002605ec72c70 9529       1       org.example.dto.TourOrderDTO::getMonth (5 bytes)
Event: 196.840 Thread 0x000002605ec72c70 nmethod 9529 0x0000026052334088 code [0x00000260523341a0, 0x0000026052334268]
Event: 196.842 Thread 0x000002605ec72c70 9530       1       org.hibernate.event.internal.EmptyEventManager::beginSessionClosedEvent (2 bytes)
Event: 196.842 Thread 0x000002605ec72c70 nmethod 9530 0x0000026052334388 code [0x00000260523344a0, 0x0000026052334570]
Event: 196.842 Thread 0x000002605ec72c70 9531       1       org.hibernate.internal.AbstractSharedSessionContract::shouldCloseJdbcCoordinatorOnClose (2 bytes)
Event: 196.842 Thread 0x000002605ec72c70 nmethod 9531 0x0000026052334688 code [0x00000260523347a0, 0x0000026052334868]

GC Heap History (20 events):
Event: 5.106 GC heap before
{Heap before GC invocations=10 (full 0):
 garbage-first heap   total reserved 1941504K, committed 66560K, used 53437K [0x0000000089800000, 0x0000000100000000)
  region size 1024K, 34 young (34816K), 5 survivors (5120K)
 Metaspace       used 54519K, committed 55104K, reserved 1114112K
  class space    used 7293K, committed 7552K, reserved 1048576K
}
Event: 5.114 GC heap after
{Heap after GC invocations=11 (full 0):
 garbage-first heap   total reserved 1941504K, committed 66560K, used 27044K [0x0000000089800000, 0x0000000100000000)
  region size 1024K, 3 young (3072K), 3 survivors (3072K)
 Metaspace       used 54519K, committed 55104K, reserved 1114112K
  class space    used 7293K, committed 7552K, reserved 1048576K
}
Event: 5.496 GC heap before
{Heap before GC invocations=11 (full 0):
 garbage-first heap   total reserved 1941504K, committed 66560K, used 50596K [0x0000000089800000, 0x0000000100000000)
  region size 1024K, 27 young (27648K), 3 survivors (3072K)
 Metaspace       used 59598K, committed 60160K, reserved 1114112K
  class space    used 8078K, committed 8320K, reserved 1048576K
}
Event: 5.500 GC heap after
{Heap after GC invocations=12 (full 0):
 garbage-first heap   total reserved 1941504K, committed 66560K, used 27390K [0x0000000089800000, 0x0000000100000000)
  region size 1024K, 3 young (3072K), 3 survivors (3072K)
 Metaspace       used 59598K, committed 60160K, reserved 1114112K
  class space    used 8078K, committed 8320K, reserved 1048576K
}
Event: 6.035 GC heap before
{Heap before GC invocations=13 (full 0):
 garbage-first heap   total reserved 1941504K, committed 66560K, used 57086K [0x0000000089800000, 0x0000000100000000)
  region size 1024K, 32 young (32768K), 3 survivors (3072K)
 Metaspace       used 65118K, committed 65792K, reserved 1114112K
  class space    used 8984K, committed 9280K, reserved 1048576K
}
Event: 6.042 GC heap after
{Heap after GC invocations=14 (full 0):
 garbage-first heap   total reserved 1941504K, committed 66560K, used 30216K [0x0000000089800000, 0x0000000100000000)
  region size 1024K, 4 young (4096K), 4 survivors (4096K)
 Metaspace       used 65118K, committed 65792K, reserved 1114112K
  class space    used 8984K, committed 9280K, reserved 1048576K
}
Event: 6.317 GC heap before
{Heap before GC invocations=14 (full 0):
 garbage-first heap   total reserved 1941504K, committed 66560K, used 56840K [0x0000000089800000, 0x0000000100000000)
  region size 1024K, 31 young (31744K), 4 survivors (4096K)
 Metaspace       used 68707K, committed 69312K, reserved 1114112K
  class space    used 9610K, committed 9856K, reserved 1048576K
}
Event: 6.331 GC heap after
{Heap after GC invocations=15 (full 0):
 garbage-first heap   total reserved 1941504K, committed 66560K, used 31544K [0x0000000089800000, 0x0000000100000000)
  region size 1024K, 2 young (2048K), 2 survivors (2048K)
 Metaspace       used 68707K, committed 69312K, reserved 1114112K
  class space    used 9610K, committed 9856K, reserved 1048576K
}
Event: 6.666 GC heap before
{Heap before GC invocations=15 (full 0):
 garbage-first heap   total reserved 1941504K, committed 66560K, used 59192K [0x0000000089800000, 0x0000000100000000)
  region size 1024K, 29 young (29696K), 2 survivors (2048K)
 Metaspace       used 70207K, committed 70848K, reserved 1114112K
  class space    used 9808K, committed 10048K, reserved 1048576K
}
Event: 6.669 GC heap after
{Heap after GC invocations=16 (full 0):
 garbage-first heap   total reserved 1941504K, committed 80896K, used 33626K [0x0000000089800000, 0x0000000100000000)
  region size 1024K, 4 young (4096K), 4 survivors (4096K)
 Metaspace       used 70207K, committed 70848K, reserved 1114112K
  class space    used 9808K, committed 10048K, reserved 1048576K
}
Event: 6.783 GC heap before
{Heap before GC invocations=16 (full 0):
 garbage-first heap   total reserved 1941504K, committed 80896K, used 70490K [0x0000000089800000, 0x0000000100000000)
  region size 1024K, 40 young (40960K), 4 survivors (4096K)
 Metaspace       used 70322K, committed 70976K, reserved 1114112K
  class space    used 9827K, committed 10112K, reserved 1048576K
}
Event: 6.788 GC heap after
{Heap after GC invocations=17 (full 0):
 garbage-first heap   total reserved 1941504K, committed 80896K, used 35524K [0x0000000089800000, 0x0000000100000000)
  region size 1024K, 5 young (5120K), 5 survivors (5120K)
 Metaspace       used 70322K, committed 70976K, reserved 1114112K
  class space    used 9827K, committed 10112K, reserved 1048576K
}
Event: 6.927 GC heap before
{Heap before GC invocations=17 (full 0):
 garbage-first heap   total reserved 1941504K, committed 80896K, used 69316K [0x0000000089800000, 0x0000000100000000)
  region size 1024K, 38 young (38912K), 5 survivors (5120K)
 Metaspace       used 70580K, committed 71168K, reserved 1114112K
  class space    used 9855K, committed 10112K, reserved 1048576K
}
Event: 6.931 GC heap after
{Heap after GC invocations=18 (full 0):
 garbage-first heap   total reserved 1941504K, committed 80896K, used 36276K [0x0000000089800000, 0x0000000100000000)
  region size 1024K, 3 young (3072K), 3 survivors (3072K)
 Metaspace       used 70580K, committed 71168K, reserved 1114112K
  class space    used 9855K, committed 10112K, reserved 1048576K
}
Event: 7.096 GC heap before
{Heap before GC invocations=19 (full 0):
 garbage-first heap   total reserved 1941504K, committed 80896K, used 72116K [0x0000000089800000, 0x0000000100000000)
  region size 1024K, 38 young (38912K), 3 survivors (3072K)
 Metaspace       used 70920K, committed 71552K, reserved 1114112K
  class space    used 9896K, committed 10176K, reserved 1048576K
}
Event: 7.098 GC heap after
{Heap after GC invocations=20 (full 0):
 garbage-first heap   total reserved 1941504K, committed 80896K, used 36549K [0x0000000089800000, 0x0000000100000000)
  region size 1024K, 3 young (3072K), 3 survivors (3072K)
 Metaspace       used 70920K, committed 71552K, reserved 1114112K
  class space    used 9896K, committed 10176K, reserved 1048576K
}
Event: 7.634 GC heap before
{Heap before GC invocations=20 (full 0):
 garbage-first heap   total reserved 1941504K, committed 80896K, used 72389K [0x0000000089800000, 0x0000000100000000)
  region size 1024K, 38 young (38912K), 3 survivors (3072K)
 Metaspace       used 74716K, committed 75392K, reserved 1114112K
  class space    used 10451K, committed 10752K, reserved 1048576K
}
Event: 7.640 GC heap after
{Heap after GC invocations=21 (full 0):
 garbage-first heap   total reserved 1941504K, committed 80896K, used 39243K [0x0000000089800000, 0x0000000100000000)
  region size 1024K, 5 young (5120K), 5 survivors (5120K)
 Metaspace       used 74716K, committed 75392K, reserved 1114112K
  class space    used 10451K, committed 10752K, reserved 1048576K
}
Event: 90.968 GC heap before
{Heap before GC invocations=21 (full 0):
 garbage-first heap   total reserved 1941504K, committed 80896K, used 69963K [0x0000000089800000, 0x0000000100000000)
  region size 1024K, 35 young (35840K), 5 survivors (5120K)
 Metaspace       used 79185K, committed 79936K, reserved 1179648K
  class space    used 11061K, committed 11392K, reserved 1048576K
}
Event: 90.975 GC heap after
{Heap after GC invocations=22 (full 0):
 garbage-first heap   total reserved 1941504K, committed 80896K, used 42080K [0x0000000089800000, 0x0000000100000000)
  region size 1024K, 4 young (4096K), 4 survivors (4096K)
 Metaspace       used 79185K, committed 79936K, reserved 1179648K
  class space    used 11061K, committed 11392K, reserved 1048576K
}

Dll operation events (14 events):
Event: 0.011 Loaded shared library C:\Program Files\Java\jdk-23\bin\java.dll
Event: 0.064 Loaded shared library C:\Program Files\Java\jdk-23\bin\jsvml.dll
Event: 0.164 Loaded shared library C:\Program Files\Java\jdk-23\bin\zip.dll
Event: 0.169 Loaded shared library C:\Program Files\Java\jdk-23\bin\instrument.dll
Event: 0.173 Loaded shared library C:\Program Files\Java\jdk-23\bin\net.dll
Event: 0.176 Loaded shared library C:\Program Files\Java\jdk-23\bin\nio.dll
Event: 0.178 Loaded shared library C:\Program Files\Java\jdk-23\bin\zip.dll
Event: 0.284 Loaded shared library C:\Program Files\JetBrains\IntelliJ IDEA Community Edition 2024.2.3\bin\breakgen64.dll
Event: 0.298 Loaded shared library C:\Program Files\Java\jdk-23\bin\extnet.dll
Event: 0.333 Loaded shared library C:\Program Files\Java\jdk-23\bin\jimage.dll
Event: 1.435 Loaded shared library C:\Program Files\Java\jdk-23\bin\sunmscapi.dll
Event: 3.292 Loaded shared library C:\Program Files\Java\jdk-23\bin\management.dll
Event: 3.295 Loaded shared library C:\Program Files\Java\jdk-23\bin\management_ext.dll
Event: 3.811 Loaded shared library C:\Program Files\Java\jdk-23\bin\verify.dll

Deoptimization events (20 events):
Event: 114.996 Thread 0x00000260b0119a50 DEOPT PACKING pc=0x0000026052186964 sp=0x000000bb03bfb400
Event: 114.996 Thread 0x00000260b0119a50 DEOPT UNPACKING pc=0x00000260519e4402 sp=0x000000bb03bfb258 mode 2
Event: 114.997 Thread 0x00000260b0119a50 Uncommon trap: trap_request=0xffffff45 fr.pc=0x0000026051fa9208 relative=0x00000000000000e8
Event: 114.997 Thread 0x00000260b0119a50 Uncommon trap: reason=unstable_if action=reinterpret pc=0x0000026051fa9208 method=java.lang.ref.ReferenceQueue.poll()Ljava/lang/ref/Reference; @ 4 c2
Event: 114.997 Thread 0x00000260b0119a50 DEOPT PACKING pc=0x0000026051fa9208 sp=0x000000bb03bfb2c0
Event: 114.997 Thread 0x00000260b0119a50 DEOPT UNPACKING pc=0x00000260519e4402 sp=0x000000bb03bfb178 mode 2
Event: 117.115 Thread 0x00000260b0117980 DEOPT PACKING pc=0x000002604a5ae941 sp=0x000000bb03ffea80
Event: 117.115 Thread 0x00000260b0117980 DEOPT UNPACKING pc=0x00000260519e4b22 sp=0x000000bb03ffdef0 mode 0
Event: 138.923 Thread 0x00000260b011a770 DEOPT PACKING pc=0x000002604a5ae941 sp=0x000000bb03ef81a0
Event: 138.923 Thread 0x00000260b011a770 DEOPT UNPACKING pc=0x00000260519e4b22 sp=0x000000bb03ef7610 mode 0
Event: 163.085 Thread 0x00000260b0117980 DEOPT PACKING pc=0x000002604ac25c3c sp=0x000000bb03ff7dc0
Event: 163.085 Thread 0x00000260b0117980 DEOPT UNPACKING pc=0x00000260519e4b22 sp=0x000000bb03ff72b0 mode 0
Event: 168.755 Thread 0x00000260a58cb650 DEOPT PACKING pc=0x000002604a5ae941 sp=0x000000bb038fe6c0
Event: 168.755 Thread 0x00000260a58cb650 DEOPT UNPACKING pc=0x00000260519e4b22 sp=0x000000bb038fdb30 mode 0
Event: 191.411 Thread 0x00000260a58cb650 Uncommon trap: trap_request=0xffffff45 fr.pc=0x00000260522f77d4 relative=0x00000000000003f4
Event: 191.411 Thread 0x00000260a58cb650 Uncommon trap: reason=unstable_if action=reinterpret pc=0x00000260522f77d4 method=org.springframework.transaction.annotation.SpringTransactionAnnotationParser.parseTransactionAnnotation(Ljava/lang/reflect/AnnotatedElement;)Lorg/springframework/transaction
Event: 191.412 Thread 0x00000260a58cb650 DEOPT PACKING pc=0x00000260522f77d4 sp=0x000000bb038fa5e0
Event: 191.412 Thread 0x00000260a58cb650 DEOPT UNPACKING pc=0x00000260519e4402 sp=0x000000bb038fa5c8 mode 2
Event: 191.476 Thread 0x00000260a58cb650 DEOPT PACKING pc=0x000002604a5ae941 sp=0x000000bb038fde00
Event: 191.476 Thread 0x00000260a58cb650 DEOPT UNPACKING pc=0x00000260519e4b22 sp=0x000000bb038fd270 mode 0

Classes loaded (20 events):
Event: 91.407 Loading class org/w3c/dom/Document
Event: 91.407 Loading class org/w3c/dom/Document done
Event: 115.288 Loading class jdk/internal/math/FDBigInteger
Event: 115.290 Loading class jdk/internal/math/FDBigInteger done
Event: 117.118 Loading class java/util/concurrent/locks/ReentrantReadWriteLock$Sync$HoldCounter
Event: 117.119 Loading class java/util/concurrent/locks/ReentrantReadWriteLock$Sync$HoldCounter done
Event: 191.469 Loading class jdk/internal/loader/BootLoader$PackageHelper
Event: 191.472 Loading class jdk/internal/loader/BootLoader$PackageHelper done
Event: 191.483 Loading class java/util/stream/ReferencePipeline$4
Event: 191.485 Loading class java/util/stream/IntPipeline$StatelessOp
Event: 191.487 Loading class java/util/stream/IntPipeline$StatelessOp done
Event: 191.487 Loading class java/util/stream/ReferencePipeline$4 done
Event: 191.489 Loading class java/util/function/IntBinaryOperator
Event: 191.491 Loading class java/util/function/IntBinaryOperator done
Event: 191.492 Loading class java/util/stream/ReduceOps$7
Event: 191.493 Loading class java/util/stream/ReduceOps$7 done
Event: 191.493 Loading class java/util/stream/ReduceOps$6ReducingSink
Event: 191.494 Loading class java/util/stream/ReduceOps$6ReducingSink done
Event: 191.494 Loading class java/util/stream/ReferencePipeline$4$1
Event: 191.495 Loading class java/util/stream/ReferencePipeline$4$1 done

Classes unloaded (0 events):
No events

Classes redefined (0 events):
No events

Internal exceptions (20 events):
Event: 8.005 Thread 0x000002603f9add60 Exception <a 'java/lang/NoSuchMethodError'{0x000000008d3edbe0}: 'java.lang.Object java.lang.invoke.DirectMethodHandle$Holder.newInvokeSpecial(java.lang.Object, java.lang.Object, int, java.lang.Object, java.lang.Object)'> (0x000000008d3edbe0) 
thrown [s\open\src\hotspot\share\interpreter\linkResolver.cpp, line 796]
Event: 63.819 Thread 0x00000260a7939db0 Exception <a 'java/lang/NoSuchMethodError'{0x000000008cebef40}: 'java.lang.Object java.lang.invoke.DirectMethodHandle$Holder.invokeSpecial(java.lang.Object, java.lang.Object, java.lang.Object, java.lang.Object, java.lang.Object, long)'> (0x000000008cebef40) 
thrown [s\open\src\hotspot\share\interpreter\linkResolver.cpp, line 796]
Event: 63.819 Thread 0x00000260a7939db0 Exception <a 'java/lang/NoSuchMethodError'{0x000000008cec26e0}: 'java.lang.Object java.lang.invoke.Invokers$Holder.linkToTargetMethod(java.lang.Object, java.lang.Object, java.lang.Object, long, java.lang.Object)'> (0x000000008cec26e0) 
thrown [s\open\src\hotspot\share\interpreter\linkResolver.cpp, line 796]
Event: 91.042 Thread 0x00000260b0114500 Exception <a 'java/lang/NoSuchMethodError'{0x000000008e576de0}: 'java.lang.Object java.lang.invoke.DirectMethodHandle$Holder.invokeInterface(java.lang.Object, java.lang.Object, java.lang.Object, java.lang.Object)'> (0x000000008e576de0) 
thrown [s\open\src\hotspot\share\interpreter\linkResolver.cpp, line 796]
Event: 91.054 Thread 0x00000260b0114500 Exception <a 'java/lang/IncompatibleClassChangeError'{0x000000008e5f5848}: Found class java.lang.Object, but interface was expected> (0x000000008e5f5848) 
thrown [s\open\src\hotspot\share\interpreter\linkResolver.cpp, line 863]
Event: 91.206 Thread 0x00000260b0114500 Exception <a 'java/lang/NoSuchMethodError'{0x000000008e1722a0}: 'void java.lang.invoke.DirectMethodHandle$Holder.invokeSpecialIFC(java.lang.Object, java.lang.Object, int, java.lang.Object, java.lang.Object, java.lang.Object, java.lang.Object)'> (0x000000008e1722a0) 
thrown [s\open\src\hotspot\share\interpreter\linkResolver.cpp, line 796]
Event: 91.267 Thread 0x00000260b0114500 Exception <a 'java/lang/NoSuchMethodError'{0x000000008e1d8ae8}: 'double java.lang.invoke.DelegatingMethodHandle$Holder.reinvoke_L(java.lang.Object, java.lang.Object)'> (0x000000008e1d8ae8) 
thrown [s\open\src\hotspot\share\interpreter\linkResolver.cpp, line 796]
Event: 91.269 Thread 0x00000260b0114500 Exception <a 'java/lang/NoSuchMethodError'{0x000000008e1e36a0}: 'void java.lang.invoke.DelegatingMethodHandle$Holder.reinvoke_L(java.lang.Object, java.lang.Object, double)'> (0x000000008e1e36a0) 
thrown [s\open\src\hotspot\share\interpreter\linkResolver.cpp, line 796]
Event: 91.298 Thread 0x00000260b0114500 Exception <a 'java/lang/IncompatibleClassChangeError'{0x000000008e012988}: Found class java.lang.Object, but interface was expected> (0x000000008e012988) 
thrown [s\open\src\hotspot\share\interpreter\linkResolver.cpp, line 863]
Event: 91.425 Thread 0x00000260b0114500 Exception <a 'java/lang/NoSuchMethodError'{0x000000008dfbb2f8}: 'double java.lang.invoke.DirectMethodHandle$Holder.invokeVirtual(java.lang.Object, java.lang.Object)'> (0x000000008dfbb2f8) 
thrown [s\open\src\hotspot\share\interpreter\linkResolver.cpp, line 796]
Event: 115.087 Thread 0x00000260b0119a50 Exception <a 'java/lang/NoSuchMethodError'{0x000000008defaff8}: 'double java.lang.invoke.DirectMethodHandle$Holder.invokeVirtual(java.lang.Object, java.lang.Object, java.lang.Object)'> (0x000000008defaff8) 
thrown [s\open\src\hotspot\share\interpreter\linkResolver.cpp, line 796]
Event: 115.089 Thread 0x00000260b0119a50 Exception <a 'java/lang/NoSuchMethodError'{0x000000008dd026f0}: 'double java.lang.invoke.DelegatingMethodHandle$Holder.reinvoke_L(java.lang.Object, java.lang.Object, java.lang.Object)'> (0x000000008dd026f0) 
thrown [s\open\src\hotspot\share\interpreter\linkResolver.cpp, line 796]
Event: 115.230 Thread 0x00000260b0115220 Exception <a 'java/lang/IncompatibleClassChangeError'{0x000000008dc50ec8}: Found class java.lang.Object, but interface was expected> (0x000000008dc50ec8) 
thrown [s\open\src\hotspot\share\interpreter\linkResolver.cpp, line 863]
Event: 115.281 Thread 0x00000260b0115220 Exception <a 'java/lang/NoSuchMethodError'{0x000000008dca9b60}: 'long java.lang.invoke.DirectMethodHandle$Holder.invokeStatic(java.lang.Object, java.lang.Object, int)'> (0x000000008dca9b60) 
thrown [s\open\src\hotspot\share\interpreter\linkResolver.cpp, line 796]
Event: 115.284 Thread 0x00000260b0115220 Exception <a 'java/lang/NoSuchMethodError'{0x000000008dcb7d30}: 'double java.lang.invoke.DelegatingMethodHandle$Holder.reinvoke_L(java.lang.Object, java.lang.Object, int)'> (0x000000008dcb7d30) 
thrown [s\open\src\hotspot\share\interpreter\linkResolver.cpp, line 796]
Event: 115.286 Thread 0x00000260b0115220 Exception <a 'java/lang/NoSuchMethodError'{0x000000008dcc2678}: 'java.lang.Object java.lang.invoke.DelegatingMethodHandle$Holder.reinvoke_L(java.lang.Object, int, long, double, java.lang.Object)'> (0x000000008dcc2678) 
thrown [s\open\src\hotspot\share\interpreter\linkResolver.cpp, line 796]
Event: 115.307 Thread 0x00000260b0115220 Exception <a 'java/lang/NoSuchMethodError'{0x000000008db15ec8}: 'long java.lang.invoke.DelegatingMethodHandle$Holder.reinvoke_L(java.lang.Object, java.lang.Object)'> (0x000000008db15ec8) 
thrown [s\open\src\hotspot\share\interpreter\linkResolver.cpp, line 796]
Event: 117.144 Thread 0x00000260b0115f40 Exception <a 'java/lang/NoSuchMethodError'{0x000000008dad8ff8}: 'java.lang.Object java.lang.invoke.DirectMethodHandle$Holder.invokeSpecial(java.lang.Object, java.lang.Object, double, int)'> (0x000000008dad8ff8) 
thrown [s\open\src\hotspot\share\interpreter\linkResolver.cpp, line 796]
Event: 117.146 Thread 0x00000260b0115f40 Exception <a 'java/lang/NoSuchMethodError'{0x000000008dadd1b8}: 'java.lang.Object java.lang.invoke.DelegatingMethodHandle$Holder.reinvoke_L(java.lang.Object, double, int)'> (0x000000008dadd1b8) 
thrown [s\open\src\hotspot\share\interpreter\linkResolver.cpp, line 796]
Event: 117.180 Thread 0x00000260a7939db0 Exception <a 'java/lang/NoSuchMethodError'{0x000000008dad3138}: 'java.lang.Object java.lang.invoke.DelegatingMethodHandle$Holder.reinvoke_L(java.lang.Object, int, long, java.lang.Object)'> (0x000000008dad3138) 
thrown [s\open\src\hotspot\share\interpreter\linkResolver.cpp, line 796]

VM Operations (20 events):
Event: 90.968 Executing VM operation: G1CollectForAllocation (G1 Evacuation Pause)
Event: 90.975 Executing VM operation: G1CollectForAllocation (G1 Evacuation Pause) done
Event: 91.007 Executing VM operation: G1PauseRemark
Event: 91.011 Executing VM operation: G1PauseRemark done
Event: 91.019 Executing VM operation: G1PauseCleanup
Event: 91.019 Executing VM operation: G1PauseCleanup done
Event: 91.317 Executing VM operation: HandshakeAllThreads (Deoptimize)
Event: 91.317 Executing VM operation: HandshakeAllThreads (Deoptimize) done
Event: 114.988 Executing VM operation: HandshakeAllThreads (Deoptimize)
Event: 114.988 Executing VM operation: HandshakeAllThreads (Deoptimize) done
Event: 120.146 Executing VM operation: HandshakeAllThreads (HandshakeForDeflation)
Event: 120.146 Executing VM operation: HandshakeAllThreads (HandshakeForDeflation) done
Event: 120.146 Executing VM operation: RendezvousGCThreads
Event: 120.146 Executing VM operation: RendezvousGCThreads done
Event: 180.405 Executing VM operation: HandshakeAllThreads (HandshakeForDeflation)
Event: 180.405 Executing VM operation: HandshakeAllThreads (HandshakeForDeflation) done
Event: 180.405 Executing VM operation: RendezvousGCThreads
Event: 180.405 Executing VM operation: RendezvousGCThreads done
Event: 191.489 Executing VM operation: HandshakeAllThreads (Deoptimize)
Event: 191.489 Executing VM operation: HandshakeAllThreads (Deoptimize) done

Memory protections (0 events):
No events

Nmethod flushes (20 events):
Event: 91.010 Thread 0x000002605ec379a0 flushing  nmethod 0x000002604a79e108
Event: 91.010 Thread 0x000002605ec379a0 flushing  nmethod 0x000002604a7dbf08
Event: 91.010 Thread 0x000002605ec379a0 flushing  nmethod 0x000002604a820b08
Event: 91.010 Thread 0x000002605ec379a0 flushing  nmethod 0x000002604a821e88
Event: 91.010 Thread 0x000002605ec379a0 flushing  nmethod 0x000002604a822e08
Event: 91.010 Thread 0x000002605ec379a0 flushing  nmethod 0x000002604a881488
Event: 91.010 Thread 0x000002605ec379a0 flushing  nmethod 0x000002604a882988
Event: 91.010 Thread 0x000002605ec379a0 flushing  nmethod 0x000002604a884408
Event: 91.010 Thread 0x000002605ec379a0 flushing  nmethod 0x000002604a884908
Event: 91.010 Thread 0x000002605ec379a0 flushing  nmethod 0x000002604a98df88
Event: 91.010 Thread 0x000002605ec379a0 flushing  nmethod 0x000002604a98f988
Event: 91.010 Thread 0x000002605ec379a0 flushing  nmethod 0x000002604aa4f188
Event: 91.010 Thread 0x000002605ec379a0 flushing  nmethod 0x000002604aa50008
Event: 91.010 Thread 0x000002605ec379a0 flushing  nmethod 0x000002604aaff188
Event: 91.010 Thread 0x000002605ec379a0 flushing  nmethod 0x000002604ab04108
Event: 91.010 Thread 0x000002605ec379a0 flushing  nmethod 0x000002604ab60088
Event: 91.010 Thread 0x000002605ec379a0 flushing  nmethod 0x000002604abc1508
Event: 91.010 Thread 0x000002605ec379a0 flushing  nmethod 0x000002604abdc408
Event: 91.010 Thread 0x000002605ec379a0 flushing  nmethod 0x000002604ad7a588
Event: 91.010 Thread 0x000002605ec379a0 flushing  nmethod 0x000002604adf8108

Events (20 events):
Event: 6.444 Thread 0x000002603f9add60 Thread added: 0x00000260a793b160
Event: 6.446 Thread 0x00000260a793b160 Thread added: 0x00000260a793df50
Event: 6.448 Thread 0x000002603f9add60 Thread added: 0x00000260a793b7f0
Event: 8.015 Thread 0x000002603f9add60 Thread added: 0x00000260a7939db0
Event: 8.016 Thread 0x000002603f9add60 Thread added: 0x00000260a58cb650
Event: 8.016 Thread 0x000002603f9add60 Thread added: 0x00000260b0114500
Event: 8.016 Thread 0x000002603f9add60 Thread added: 0x00000260b0114b90
Event: 8.016 Thread 0x000002603f9add60 Thread added: 0x00000260b0119a50
Event: 8.016 Thread 0x000002603f9add60 Thread added: 0x00000260b0115220
Event: 8.016 Thread 0x000002603f9add60 Thread added: 0x00000260b0118010
Event: 8.016 Thread 0x000002603f9add60 Thread added: 0x00000260b011a770
Event: 8.016 Thread 0x000002603f9add60 Thread added: 0x00000260b0117980
Event: 8.016 Thread 0x000002603f9add60 Thread added: 0x00000260b0115f40
Event: 8.029 Thread 0x000002603f9add60 Thread added: 0x00000260b01186a0
Event: 8.030 Thread 0x000002603f9add60 Thread added: 0x00000260b01158b0
Event: 8.049 Thread 0x000002603f9add60 Thread exited: 0x000002603f9add60
Event: 8.049 Thread 0x00000260b01165d0 Thread added: 0x00000260b01165d0
Event: 10.203 Thread 0x000002605ec57fb0 Thread exited: 0x000002605ec57fb0
Event: 11.053 Thread 0x000002605ec725a0 Thread exited: 0x000002605ec725a0
Event: 16.061 Thread 0x000002605ec740e0 Thread exited: 0x000002605ec740e0


Dynamic libraries:
0x00007ff72dc90000 - 0x00007ff72dca0000 	C:\Program Files\Java\jdk-23\bin\java.exe
0x00007ffdc1850000 - 0x00007ffdc1a67000 	C:\WINDOWS\SYSTEM32\ntdll.dll
0x00007ffdbf5d0000 - 0x00007ffdbf694000 	C:\WINDOWS\System32\KERNEL32.DLL
0x00007ffdbef20000 - 0x00007ffdbf2d9000 	C:\WINDOWS\System32\KERNELBASE.dll
0x00007ffdbece0000 - 0x00007ffdbedf1000 	C:\WINDOWS\System32\ucrtbase.dll
0x00007ffdb0a00000 - 0x00007ffdb0a1b000 	C:\Program Files\Java\jdk-23\bin\VCRUNTIME140.dll
0x00007ffda3eb0000 - 0x00007ffda3ec7000 	C:\Program Files\Java\jdk-23\bin\jli.dll
0x00007ffdc0480000 - 0x00007ffdc062e000 	C:\WINDOWS\System32\USER32.dll
0x00007ffdaa480000 - 0x00007ffdaa712000 	C:\WINDOWS\WinSxS\amd64_microsoft.windows.common-controls_6595b64144ccf1df_6.0.22621.4391_none_2715d37f73803e96\COMCTL32.dll
0x00007ffdbecb0000 - 0x00007ffdbecd6000 	C:\WINDOWS\System32\win32u.dll
0x00007ffdc02c0000 - 0x00007ffdc0367000 	C:\WINDOWS\System32\msvcrt.dll
0x00007ffdc0910000 - 0x00007ffdc0939000 	C:\WINDOWS\System32\GDI32.dll
0x00007ffdbee00000 - 0x00007ffdbef1b000 	C:\WINDOWS\System32\gdi32full.dll
0x00007ffdbeb50000 - 0x00007ffdbebea000 	C:\WINDOWS\System32\msvcp_win.dll
0x00007ffdbf810000 - 0x00007ffdbf841000 	C:\WINDOWS\System32\IMM32.DLL
0x00007ffd9f900000 - 0x00007ffd9f90c000 	C:\Program Files\Java\jdk-23\bin\vcruntime140_1.dll
0x00007ffd4dc10000 - 0x00007ffd4dc9e000 	C:\Program Files\Java\jdk-23\bin\msvcp140.dll
0x00007ffcdefe0000 - 0x00007ffcdfd2f000 	C:\Program Files\Java\jdk-23\bin\server\jvm.dll
0x00007ffdbff10000 - 0x00007ffdbffc2000 	C:\WINDOWS\System32\ADVAPI32.dll
0x00007ffdbf9e0000 - 0x00007ffdbfa87000 	C:\WINDOWS\System32\sechost.dll
0x00007ffdbf540000 - 0x00007ffdbf568000 	C:\WINDOWS\System32\bcrypt.dll
0x00007ffdc0190000 - 0x00007ffdc02a4000 	C:\WINDOWS\System32\RPCRT4.dll
0x00007ffdbf960000 - 0x00007ffdbf9d1000 	C:\WINDOWS\System32\WS2_32.dll
0x00007ffdb8e50000 - 0x00007ffdb8e84000 	C:\WINDOWS\SYSTEM32\WINMM.dll
0x00007ffdb5730000 - 0x00007ffdb573a000 	C:\WINDOWS\SYSTEM32\VERSION.dll
0x00007ffdbea20000 - 0x00007ffdbea6d000 	C:\WINDOWS\SYSTEM32\POWRPROF.dll
0x00007ffdbea00000 - 0x00007ffdbea13000 	C:\WINDOWS\SYSTEM32\UMPDC.dll
0x00007ffdbdb90000 - 0x00007ffdbdba8000 	C:\WINDOWS\SYSTEM32\kernel.appcore.dll
0x00007ffd9f3c0000 - 0x00007ffd9f3ca000 	C:\Program Files\Java\jdk-23\bin\jimage.dll
0x00007ffdb6b00000 - 0x00007ffdb6d32000 	C:\WINDOWS\SYSTEM32\DBGHELP.DLL
0x00007ffdc1470000 - 0x00007ffdc17ff000 	C:\WINDOWS\System32\combase.dll
0x00007ffdc03a0000 - 0x00007ffdc0477000 	C:\WINDOWS\System32\OLEAUT32.dll
0x00007ffdb67f0000 - 0x00007ffdb6822000 	C:\WINDOWS\SYSTEM32\dbgcore.DLL
0x00007ffdbf4c0000 - 0x00007ffdbf53b000 	C:\WINDOWS\System32\bcryptPrimitives.dll
0x00007ffdb8b00000 - 0x00007ffdb8b0f000 	C:\Program Files\Java\jdk-23\bin\instrument.dll
0x00007ffd9f360000 - 0x00007ffd9f37e000 	C:\Program Files\Java\jdk-23\bin\java.dll
0x00007ffdc11c0000 - 0x00007ffdc1365000 	C:\WINDOWS\System32\ole32.dll
0x00007ffdc0940000 - 0x00007ffdc11b6000 	C:\WINDOWS\System32\SHELL32.dll
0x00007ffdbca90000 - 0x00007ffdbd393000 	C:\WINDOWS\SYSTEM32\windows.storage.dll
0x00007ffdbc950000 - 0x00007ffdbca8f000 	C:\WINDOWS\SYSTEM32\wintypes.dll
0x00007ffdc1370000 - 0x00007ffdc1469000 	C:\WINDOWS\System32\SHCORE.dll
0x00007ffdbf570000 - 0x00007ffdbf5ce000 	C:\WINDOWS\System32\shlwapi.dll
0x00007ffdbea80000 - 0x00007ffdbeaab000 	C:\WINDOWS\SYSTEM32\profapi.dll
0x00007ffd25e40000 - 0x00007ffd25f17000 	C:\Program Files\Java\jdk-23\bin\jsvml.dll
0x00007ffd961a0000 - 0x00007ffd961b7000 	C:\Program Files\Java\jdk-23\bin\zip.dll
0x00007ffd9f310000 - 0x00007ffd9f320000 	C:\Program Files\Java\jdk-23\bin\net.dll
0x00007ffdbe010000 - 0x00007ffdbe079000 	C:\WINDOWS\system32\mswsock.dll
0x00007ffd9b350000 - 0x00007ffd9b366000 	C:\Program Files\Java\jdk-23\bin\nio.dll
0x00007ffdab150000 - 0x00007ffdab16a000 	C:\Program Files\JetBrains\IntelliJ IDEA Community Edition 2024.2.3\bin\breakgen64.dll
0x00007ffd9ee70000 - 0x00007ffd9ee79000 	C:\Program Files\Java\jdk-23\bin\extnet.dll
0x00007ffd9c240000 - 0x00007ffd9c24e000 	C:\Program Files\Java\jdk-23\bin\sunmscapi.dll
0x00007ffdbf350000 - 0x00007ffdbf4b6000 	C:\WINDOWS\System32\CRYPT32.dll
0x00007ffdbe400000 - 0x00007ffdbe42d000 	C:\WINDOWS\SYSTEM32\ncrypt.dll
0x00007ffdbe3c0000 - 0x00007ffdbe3f7000 	C:\WINDOWS\SYSTEM32\NTASN1.dll
0x00007ffdbe260000 - 0x00007ffdbe27b000 	C:\WINDOWS\SYSTEM32\CRYPTSP.dll
0x00007ffdbdaf0000 - 0x00007ffdbdb25000 	C:\WINDOWS\system32\rsaenh.dll
0x00007ffdbe100000 - 0x00007ffdbe128000 	C:\WINDOWS\SYSTEM32\USERENV.dll
0x00007ffdbe280000 - 0x00007ffdbe28c000 	C:\WINDOWS\SYSTEM32\CRYPTBASE.dll
0x00007ffdbd600000 - 0x00007ffdbd62d000 	C:\WINDOWS\SYSTEM32\IPHLPAPI.DLL
0x00007ffdc02b0000 - 0x00007ffdc02b9000 	C:\WINDOWS\System32\NSI.dll
0x00007ffdb5f00000 - 0x00007ffdb5f0a000 	C:\Program Files\Java\jdk-23\bin\management.dll
0x00007ffdb38a0000 - 0x00007ffdb38ab000 	C:\Program Files\Java\jdk-23\bin\management_ext.dll
0x00007ffdc0370000 - 0x00007ffdc0378000 	C:\WINDOWS\System32\PSAPI.DLL
0x00007ffd9e480000 - 0x00007ffd9e490000 	C:\Program Files\Java\jdk-23\bin\verify.dll
0x00007ffdbd670000 - 0x00007ffdbd772000 	C:\WINDOWS\SYSTEM32\DNSAPI.dll
0x000000005ca10000 - 0x000000005ca36000 	C:\Program Files\Bonjour\mdnsNSP.dll
0x00007ffdb8610000 - 0x00007ffdb861a000 	C:\Windows\System32\rasadhlp.dll
0x00007ffdb9080000 - 0x00007ffdb9103000 	C:\WINDOWS\System32\fwpuclnt.dll
0x00007ffd9afd0000 - 0x00007ffd9afd8000 	C:\WINDOWS\system32\wshunix.dll

dbghelp: loaded successfully - version: 4.0.5 - missing functions: none
symbol engine: initialized successfully - sym options: 0x614 - pdb path: .;C:\Program Files\Java\jdk-23\bin;C:\WINDOWS\SYSTEM32;C:\WINDOWS\WinSxS\amd64_microsoft.windows.common-controls_6595b64144ccf1df_6.0.22621.4391_none_2715d37f73803e96;C:\Program Files\Java\jdk-23\bin\server;C:\Program Files\JetBrains\IntelliJ IDEA Community Edition 2024.2.3\bin;C:\Program Files\Bonjour

VM Arguments:
jvm_args: -javaagent:C:\Program Files\JetBrains\IntelliJ IDEA Community Edition 2024.2.3\lib\idea_rt.jar=59437:C:\Program Files\JetBrains\IntelliJ IDEA Community Edition 2024.2.3\bin -Dfile.encoding=UTF-8 -Dsun.stdout.encoding=UTF-8 -Dsun.stderr.encoding=UTF-8 
java_command: org.example.Main
java_class_path (initial): D:\BTLHDV\TourDL\Backend\target\classes;C:\Users\nickz\.m2\repository\org\springframework\boot\spring-boot-starter-web\3.3.4\spring-boot-starter-web-3.3.4.jar;C:\Users\nickz\.m2\repository\org\springframework\boot\spring-boot-starter\3.3.4\spring-boot-starter-3.3.4.jar;C:\Users\nickz\.m2\repository\org\springframework\boot\spring-boot\3.3.4\spring-boot-3.3.4.jar;C:\Users\nickz\.m2\repository\org\springframework\boot\spring-boot-autoconfigure\3.3.4\spring-boot-autoconfigure-3.3.4.jar;C:\Users\nickz\.m2\repository\org\springframework\boot\spring-boot-starter-logging\3.3.4\spring-boot-starter-logging-3.3.4.jar;C:\Users\nickz\.m2\repository\ch\qos\logback\logback-classic\1.5.8\logback-classic-1.5.8.jar;C:\Users\nickz\.m2\repository\ch\qos\logback\logback-core\1.5.8\logback-core-1.5.8.jar;C:\Users\nickz\.m2\repository\org\apache\logging\log4j\log4j-to-slf4j\2.23.1\log4j-to-slf4j-2.23.1.jar;C:\Users\nickz\.m2\repository\org\apache\logging\log4j\log4j-api\2.23.1\log4j-api-2.23.1.jar;C:\Users\nickz\.m2\repository\org\slf4j\jul-to-slf4j\2.0.16\jul-to-slf4j-2.0.16.jar;C:\Users\nickz\.m2\repository\jakarta\annotation\jakarta.annotation-api\2.1.1\jakarta.annotation-api-2.1.1.jar;C:\Users\nickz\.m2\repository\org\yaml\snakeyaml\2.2\snakeyaml-2.2.jar;C:\Users\nickz\.m2\repository\org\springframework\boot\spring-boot-starter-json\3.3.4\spring-boot-starter-json-3.3.4.jar;C:\Users\nickz\.m2\repository\com\fasterxml\jackson\datatype\jackson-datatype-jdk8\2.17.2\jackson-datatype-jdk8-2.17.2.jar;C:\Users\nickz\.m2\repository\com\fasterxml\jackson\datatype\jackson-datatype-jsr310\2.17.2\jackson-datatype-jsr310-2.17.2.jar;C:\Users\nickz\.m2\repository\com\fasterxml\jackson\module\jackson-module-parameter-names\2.17.2\jackson-module-parameter-names-2.17.2.jar;C:\Users\nickz\.m2\repository\org\springframework\boot\spring-boot-starter-tomcat\3.3.4\spring-boot-starter-tomcat-3.3.4.jar;C:\Users\nickz\.m2\repository\org\apache\tomcat\embed\tomcat-embed-core\10.1.30\tomcat-embed-core-10.1.30.jar;C:\Users\nickz\.m2\repository\org\apache\tomcat\embed\tomcat-embed-el\10.1.30\tomcat-embed-el-10.1.30.jar;C:\Users\nickz\.m2\repository\org\apache\tomcat\embed\tomcat-embed-websocket\10.1.30\tomcat-embed-websocket-10.1.30.jar;C:\Users\nickz\.m2\repository\org\springframework\spring-web\6.1.13\spring-web-6.1.13.jar;C:\Users\nickz\.m2\repository\org\springframework\spring-beans\6.1.13\spring-beans-6.1.13.jar;C:\Users\nickz\.m2\repository\io\micrometer\micrometer-observation\1.12.10\micrometer-observation-1.12.10.jar;C:\Users\nickz\.m2\repository\io\micrometer\micrometer-commons\1.12.10\micrometer-commons-1.12.10.jar;C:\Users\nickz\.m2\repository\org\springframework\spring-webmvc\6.1.13\spring-webmvc-6.1.13.jar;C:\Users\nickz\.m2\repository\org\springframework\spring-context\6.1.13\spring-context-6.1.13.jar;C:\Users\nickz\.m2\repository\org\springframework\spring-expression\6.1.13\spring-expression-6.1.13.jar;C:\Users\nickz\.m2\repository\org\springframework\boot\spring-boot-starter-data-jpa\3.3.4\spring-boot-starter-data-jpa-3.3.4.jar;C:\Users\nickz\.m2\repository\org\springframework\boot\spring-boot-starter-aop\3.3.4\spring-boot-starter-aop-3.3.4.jar;C:\Users\nickz\.m2\repository\org\aspectj\aspectjweaver\1.9.22.1\aspectjweaver-1.9.22.1.jar;C:\Users\nickz\.m2\repository\org\springframework\boot\spring-boot-starter-jdbc\3.3.4\spring-boot-starter-jdbc-3.3.4.jar;C:\Users\nickz\.m2\repository\com\zaxxer\HikariCP\5.1.0\HikariCP-5.1.0.jar;C:\Users\nickz\.m2\repository\org\springframework\spring-jdbc\6.1.13\spring-jdbc-6.1.13.jar;C:\Users\nickz\.m2\repository\org\hibernate\orm\hibernate-core\6.5.3.Final\hibernate-core-6.5.3.Final.jar;C:\Users\nickz\.m2\repository\jakarta\persistence\jakarta.persistence-api\3.1.0\jakarta.persistence-api-3.1.0.jar;C:\Users\nickz\.m2\repository\jakarta\transaction\jakarta.transaction-api\2.0.1\jakarta.transaction-api-2.0.1.jar;C:\Users\nickz\.m2\repository\org\jboss\logging\jboss-logging\3.5.0.Final\jboss-logging-3.5.0.Final.jar;C:\Users\nickz\.m2\repository\org\hibernate\common\hibernate-commons-annotations\6.0.6.Final\hibernate-commons-annotations-6.0.6.Final.jar;C:\Users\nickz\.m2\repository\io\smallrye\jandex\3.1.2\jandex-3.1.2.jar;C:\Users\nickz\.m2\repository\com\fasterxml\classmate\1.5.1\classmate-1.5.1.jar;C:\Users\nickz\.m2\repository\net\bytebuddy\byte-buddy\1.14.15\byte-buddy-1.14.15.jar;C:\Users\nickz\.m2\repository\org\glassfish\jaxb\jaxb-runtime\4.0.2\jaxb-runtime-4.0.2.jar;C:\Users\nickz\.m2\repository\org\glassfish\jaxb\jaxb-core\4.0.2\jaxb-core-4.0.2.jar;C:\Users\nickz\.m2\repository\org\eclipse\angus\angus-activation\2.0.0\angus-activation-2.0.0.jar;C:\Users\nickz\.m2\repository\org\glassfish\jaxb\txw2\4.0.2\txw2-4.0.2.jar;C:\Users\nickz\.m2\repository\com\sun\istack\istack-commons-runtime\4.1.1\istack-commons-runtime-4.1.1.jar;C:\Users\nickz\.m2\repository\jakarta\inject\jakarta.inject-api\2.0.1\jakarta.inject-api-2.0.1.jar;C:\Users\nickz\.m2\repository\org\antlr\antlr4-runtime\4.13.0\antlr4-runtime-4.13.0.jar;C:\Users\nickz\.m2\repository\org\springframework\data\spring-data-jpa\3.3.4\spring-data-jpa-3.3.4.jar;C:\Users\nickz\.m2\repository\org\springframework\data\spring-data-commons\3.3.4\spring-data-commons-3.3.4.jar;C:\Users\nickz\.m2\repository\org\springframework\spring-orm\6.1.13\spring-orm-6.1.13.jar;C:\Users\nickz\.m2\repository\org\springframework\spring-tx\6.1.13\spring-tx-6.1.13.jar;C:\Users\nickz\.m2\repository\org\slf4j\slf4j-api\2.0.2\slf4j-api-2.0.2.jar;C:\Users\nickz\.m2\repository\org\springframework\spring-aspects\6.1.13\spring-aspects-6.1.13.jar;C:\Users\nickz\.m2\repository\jakarta\xml\bind\jakarta.xml.bind-api\4.0.2\jakarta.xml.bind-api-4.0.2.jar;C:\Users\nickz\.m2\repository\jakarta\activation\jakarta.activation-api\2.1.3\jakarta.activation-api-2.1.3.jar;C:\Users\nickz\.m2\repository\org\springframework\spring-core\6.1.13\spring-core-6.1.13.jar;C:\Users\nickz\.m2\repository\org\springframework\spring-jcl\6.1.13\spring-jcl-6.1.13.jar;C:\Users\nickz\.m2\repository\org\springframework\boot\spring-boot-starter-security\3.3.4\spring-boot-starter-security-3.3.4.jar;C:\Users\nickz\.m2\repository\org\springframework\spring-aop\6.1.13\spring-aop-6.1.13.jar;C:\Users\nickz\.m2\repository\org\springframework\security\spring-security-config\6.3.3\spring-security-config-6.3.3.jar;C:\Users\nickz\.m2\repository\org\springframework\security\spring-security-core\6.3.3\spring-security-core-6.3.3.jar;C:\Users\nickz\.m2\repository\org\springframework\security\spring-security-crypto\6.3.3\spring-security-crypto-6.3.3.jar;C:\Users\nickz\.m2\repository\org\springframework\security\spring-security-web\6.3.3\spring-security-web-6.3.3.jar;C:\Users\nickz\.m2\repository\mysql\mysql-connector-java\8.0.30\mysql-connector-java-8.0.30.jar;C:\Users\nickz\.m2\repository\com\google\protobuf\protobuf-java\3.19.4\protobuf-java-3.19.4.jar;C:\Users\nickz\.m2\repository\io\jsonwebtoken\jjwt-api\0.11.5\jjwt-api-0.11.5.jar;C:\Users\nickz\.m2\repository\io\jsonwebtoken\jjwt-impl\0.11.5\jjwt-impl-0.11.5.jar;C:\Users\nickz\.m2\repository\io\jsonwebtoken\jjwt-jackson\0.11.5\jjwt-jackson-0.11.5.jar;C:\Users\nickz\.m2\repository\org\modelmapper\extensions\modelmapper-spring\3.1.0\modelmapper-spring-3.1.0.jar;C:\Users\nickz\.m2\repository\org\modelmapper\modelmapper\3.1.0\modelmapper-3.1.0.jar;C:\Users\nickz\.m2\repository\com\fasterxml\jackson\core\jackson-databind\2.15.2\jackson-databind-2.15.2.jar;C:\Users\nickz\.m2\repository\com\fasterxml\jackson\core\jackson-annotations\2.15.2\jackson-annotations-2.15.2.jar;C:\Users\nickz\.m2\repository\com\fasterxml\jackson\core\jackson-core\2.15.2\jackson-core-2.15.2.jar;C:\Users\nickz\.m2\repository\org\springdoc\springdoc-openapi-starter-webmvc-ui\2.2.0\springdoc-openapi-starter-webmvc-ui-2.2.0.jar;C:\Users\nickz\.m2\repository\org\springdoc\springdoc-openapi-starter-webmvc-api\2.2.0\springdoc-openapi-starter-webmvc-api-2.2.0.jar;C:\Users\nickz\.m2\repository\org\springdoc\springdoc-openapi-starter-common\2.2.0\springdoc-openapi-starter-common-2.2.0.jar;C:\Users\nickz\.m2\repository\io\swagger\core\v3\swagger-core-jakarta\2.2.15\swagger-core-jakarta-2.2.15.jar;C:\Users\nickz\.m2\repository\org\apache\commons\commons-lang3\3.12.0\commons-lang3-3.12.0.jar;C:\Users\nickz\.m2\repository\io\swagger\core\v3\swagger-annotations-jakarta\2.2.15\swagger-annotations-jakarta-2.2.15.jar;C:\Users\nickz\.m2\repository\io\swagger\core\v3\swagger-models-jakarta\2.2.15\swagger-models-jakarta-2.2.15.jar;C:\Users\nickz\.m2\repository\jakarta\validation\jakarta.validation-api\3.0.2\jakarta.validation-api-3.0.2.jar;C:\Users\nickz\.m2\repository\com\fasterxml\jackson\dataformat\jackson-dataformat-yaml\2.15.1\jackson-dataformat-yaml-2.15.1.jar;C:\Users\nickz\.m2\repository\org\webjars\swagger-ui\5.2.0\swagger-ui-5.2.0.jar
Launcher Type: SUN_STANDARD

[Global flags]
     intx CICompilerCount                          = 4                                         {product} {ergonomic}
     uint ConcGCThreads                            = 3                                         {product} {ergonomic}
     uint G1ConcRefinementThreads                  = 10                                        {product} {ergonomic}
   size_t G1HeapRegionSize                         = 1048576                                   {product} {ergonomic}
   size_t InitialHeapSize                          = 125829120                                 {product} {ergonomic}
   size_t MarkStackSize                            = 4194304                                   {product} {ergonomic}
   size_t MarkStackSizeMax                         = 536870912                                 {product} {ergonomic}
   size_t MaxHeapSize                              = 1988100096                                {product} {ergonomic}
   size_t MaxNewSize                               = 1192230912                                {product} {ergonomic}
   size_t MinHeapDeltaBytes                        = 1048576                                   {product} {ergonomic}
   size_t MinHeapSize                              = 8388608                                   {product} {ergonomic}
    uintx NonNMethodCodeHeapSize                   = 5832704                                {pd product} {ergonomic}
    uintx NonProfiledCodeHeapSize                  = 122945536                              {pd product} {ergonomic}
    uintx ProfiledCodeHeapSize                     = 122880000                              {pd product} {ergonomic}
    uintx ReservedCodeCacheSize                    = 251658240                              {pd product} {ergonomic}
     bool SegmentedCodeCache                       = true                                      {product} {ergonomic}
   size_t SoftMaxHeapSize                          = 1988100096                             {manageable} {ergonomic}
     bool UseCompressedOops                        = true                           {product lp64_product} {ergonomic}
     bool UseG1GC                                  = true                                      {product} {ergonomic}
     bool UseLargePagesIndividualAllocation        = false                                  {pd product} {ergonomic}

Logging:
Log output configuration:
 #0: stdout all=warning uptime,level,tags foldmultilines=false
 #1: stderr all=off uptime,level,tags foldmultilines=false

Environment Variables:
JAVA_HOME=C:\Program Files\Java\jdk-23
PATH=C:\Program Files (x86)\VMware\VMware Workstation\bin\;C:\WINDOWS\system32;C:\WINDOWS;C:\WINDOWS\System32\Wbem;C:\WINDOWS\System32\WindowsPowerShell\v1.0\;C:\WINDOWS\System32\OpenSSH\;C:\Program Files (x86)\Microsoft SQL Server\160\Tools\Binn\;C:\Program Files\Microsoft SQL Server\160\Tools\Binn\;C:\Program Files\Microsoft SQL Server\Client SDK\ODBC\170\Tools\Binn\;C:\Program Files\Microsoft SQL Server\160\DTS\Binn\;C:\Program Files (x86)\Microsoft SQL Server\160\DTS\Binn\;C:\Program Files\Azure Data Studio\bin;C:\Program Files\Git\cmd;C:\Program Files\dotnet\;C:\Program Files\nodejs\;C:\Users\nickz\AppData\Roaming\npm;C:\Program Files\Java\jdk-23\bin;C:\Program Files\apache-maven-3.9.9-bin\apache-maven-3.9.9\bin;C:\Users\nickz\AppData\Local\Microsoft\WindowsApps;C:\Program Files\Azure Data Studio\bin;D:\TA\Microsoft VS Code\bin;C:\Users\nickz\AppData\Roaming\npm;C:\Program Files\nodejs\;C:\Program Files\apache-maven-3.9.9-bin\apache-maven-3.9.9\bin;
USERNAME=nickz
OS=Windows_NT
PROCESSOR_IDENTIFIER=AMD64 Family 23 Model 96 Stepping 1, AuthenticAMD
TMP=C:\Users\nickz\AppData\Local\Temp
TEMP=C:\Users\nickz\AppData\Local\Temp




Periodic native trim disabled

---------------  S Y S T E M  ---------------

OS:
 Windows 11 , 64 bit Build 22621 (10.0.22621.4391)
OS uptime: 5 days 11:08 hours

CPU: total 12 (initial active 12) (12 cores per cpu, 2 threads per core) family 23 model 96 stepping 1 microcode 0x0, cx8, cmov, fxsr, ht, mmx, 3dnowpref, sse, sse2, sse3, ssse3, sse4a, sse4.1, sse4.2, popcnt, lzcnt, tsc, tscinvbit, avx, avx2, aes, clmul, bmi1, bmi2, adx, sha, fma, vzeroupper, clflush, clflushopt, rdtscp, rdpid, f16c
Processor Information for the first 12 processors :
  Max Mhz: 3000, Current Mhz: 3000, Mhz Limit: 3000

Memory: 4k page, system-wide physical 7579M (657M free)
TotalPageFile size 19089M (AvailPageFile size 241M)
current process WorkingSet (physical memory assigned to process): 227M, peak: 320M
current process commit charge ("private bytes"): 328M, peak: 362M

vm_info: Java HotSpot(TM) 64-Bit Server VM (23+37-2369) for windows-amd64 JRE (23+37-2369), built on 2024-08-20T16:01:23Z with MS VC++ 17.6 (VS2022)

END.
