#
# There is insufficient memory for the Java Runtime Environment to continue.
# Native memory allocation (malloc) failed to allocate 1238416 bytes. Error detail: Chunk::new
# Possible reasons:
#   The system is out of physical RAM or swap space
#   This process is running with CompressedOops enabled, and the Java Heap may be blocking the growth of the native heap
# Possible solutions:
#   Reduce memory load on the system
#   Increase physical memory or swap space
#   Check if swap backing store is full
#   Decrease Java heap size (-Xmx/-Xms)
#   Decrease number of Java threads
#   Decrease Java thread stack sizes (-Xss)
#   Set larger code cache with -XX:ReservedCodeCacheSize=
#   JVM is running with Unscaled Compressed Oops mode in which the Java heap is
#     placed in the first 4GB address space. The Java Heap base address is the
#     maximum limit for the native heap growth. Please use -XX:HeapBaseMinAddress
#     to set the Java Heap base and to place the Java Heap above 4GB virtual address.
# This output file may be truncated or incomplete.
#
#  Out of Memory Error (arena.cpp:149), pid=1720, tid=9992
#
# JRE version: Java(TM) SE Runtime Environment (23.0+37) (build 23+37-2369)
# Java VM: Java HotSpot(TM) 64-Bit Server VM (23+37-2369, mixed mode, sharing, tiered, compressed oops, compressed class ptrs, g1 gc, windows-amd64)
# No core dump will be written. Minidumps are not enabled by default on client versions of Windows
#

---------------  S U M M A R Y ------------

Command Line: -javaagent:C:\Program Files\JetBrains\IntelliJ IDEA Community Edition 2024.2.3\lib\idea_rt.jar=59904:C:\Program Files\JetBrains\IntelliJ IDEA Community Edition 2024.2.3\bin -Dfile.encoding=UTF-8 -Dsun.stdout.encoding=UTF-8 -Dsun.stderr.encoding=UTF-8 org.example.Main

Host: AMD Ryzen 5 4600H with Radeon Graphics         , 12 cores, 7G,  Windows 11 , 64 bit Build 22621 (10.0.22621.4391)
Time: Fri Nov 22 10:50:16 2024 SE Asia Standard Time elapsed time: 10.992389 seconds (0d 0h 0m 10s)

---------------  T H R E A D  ---------------

Current thread (0x0000020148e0b5a0):  JavaThread "C2 CompilerThread0" daemon [_thread_in_native, id=9992, stack(0x000000c04b800000,0x000000c04b900000) (1024K)]


Current CompileTask:
C2:10992 7972       4       org.springframework.beans.factory.support.AbstractBeanFactory::isTypeMatch (745 bytes)

Stack: [0x000000c04b800000,0x000000c04b900000]
Native frames: (J=compiled Java code, j=interpreted, Vv=VM code, C=native code)
V  [jvm.dll+0x6e08a9]  (no source info available)
V  [jvm.dll+0x87da63]  (no source info available)
V  [jvm.dll+0x87feee]  (no source info available)
V  [jvm.dll+0x8805c3]  (no source info available)
V  [jvm.dll+0x27aee6]  (no source info available)
V  [jvm.dll+0xbc06f]  (no source info available)
V  [jvm.dll+0xbc2cb]  (no source info available)
V  [jvm.dll+0x3b3a62]  (no source info available)
V  [jvm.dll+0x1dc19c]  (no source info available)
V  [jvm.dll+0x244be5]  (no source info available)
V  [jvm.dll+0x243dff]  (no source info available)
V  [jvm.dll+0x1c33a0]  (no source info available)
V  [jvm.dll+0x253cf1]  (no source info available)
V  [jvm.dll+0x251faa]  (no source info available)
V  [jvm.dll+0x3ee036]  (no source info available)
V  [jvm.dll+0x824f1b]  (no source info available)
V  [jvm.dll+0x6df055]  (no source info available)
C  [ucrtbase.dll+0x29333]  (no source info available)
C  [KERNEL32.DLL+0x1259d]  (no source info available)
C  [ntdll.dll+0x5af38]  (no source info available)

Lock stack of current Java thread (top to bottom):


---------------  P R O C E S S  ---------------

Threads class SMR info:
_java_thread_list=0x0000020192d102d0, length=19, elements={
0x0000020129b8d490, 0x0000020148dfd8a0, 0x0000020148dfee70, 0x0000020148e067b0,
0x0000020148e07210, 0x0000020148e07da0, 0x0000020148e08800, 0x0000020148e0b5a0,
0x0000020148e14060, 0x000002018e0fd2e0, 0x000002018e60aed0, 0x000002018e60efe0,
0x000002018e7058b0, 0x000002019121e710, 0x000002019121ccd0, 0x000002019121f430,
0x0000020191946200, 0x00000201919475b0, 0x0000020191947c40
}

Java Threads: ( => current thread )
  0x0000020129b8d490 JavaThread "main"                              [_thread_in_Java, id=13616, stack(0x000000c04aa00000,0x000000c04ab00000) (1024K)]
  0x0000020148dfd8a0 JavaThread "Reference Handler"          daemon [_thread_blocked, id=13132, stack(0x000000c04b200000,0x000000c04b300000) (1024K)]
  0x0000020148dfee70 JavaThread "Finalizer"                  daemon [_thread_blocked, id=15400, stack(0x000000c04b300000,0x000000c04b400000) (1024K)]
  0x0000020148e067b0 JavaThread "Signal Dispatcher"          daemon [_thread_blocked, id=15352, stack(0x000000c04b400000,0x000000c04b500000) (1024K)]
  0x0000020148e07210 JavaThread "Attach Listener"            daemon [_thread_blocked, id=2348, stack(0x000000c04b500000,0x000000c04b600000) (1024K)]
  0x0000020148e07da0 JavaThread "Service Thread"             daemon [_thread_blocked, id=9476, stack(0x000000c04b600000,0x000000c04b700000) (1024K)]
  0x0000020148e08800 JavaThread "Monitor Deflation Thread"   daemon [_thread_blocked, id=18664, stack(0x000000c04b700000,0x000000c04b800000) (1024K)]
=>0x0000020148e0b5a0 JavaThread "C2 CompilerThread0"         daemon [_thread_in_native, id=9992, stack(0x000000c04b800000,0x000000c04b900000) (1024K)]
  0x0000020148e14060 JavaThread "C1 CompilerThread0"         daemon [_thread_blocked, id=21064, stack(0x000000c04b900000,0x000000c04ba00000) (1024K)]
  0x000002018e0fd2e0 JavaThread "Common-Cleaner"             daemon [_thread_blocked, id=16868, stack(0x000000c04ba00000,0x000000c04bb00000) (1024K)]
  0x000002018e60aed0 JavaThread "Monitor Ctrl-Break"         daemon [_thread_in_native, id=9768, stack(0x000000c04bb00000,0x000000c04bc00000) (1024K)]
  0x000002018e60efe0 JavaThread "Notification Thread"        daemon [_thread_blocked, id=9388, stack(0x000000c04bc00000,0x000000c04bd00000) (1024K)]
  0x000002018e7058b0 JavaThread "C2 CompilerThread1"         daemon [_thread_in_native, id=21108, stack(0x000000c04bd00000,0x000000c04be00000) (1024K)]
  0x000002019121e710 JavaThread "mysql-cj-abandoned-connection-cleanup" daemon [_thread_blocked, id=9384, stack(0x000000c04c900000,0x000000c04ca00000) (1024K)]
  0x000002019121ccd0 JavaThread "HikariPool-1 housekeeper"   daemon [_thread_blocked, id=18832, stack(0x000000c04cb00000,0x000000c04cc00000) (1024K)]
  0x000002019121f430 JavaThread "HikariPool-1 connection adder" daemon [_thread_blocked, id=21204, stack(0x000000c04cc00000,0x000000c04cd00000) (1024K)]
  0x0000020191946200 JavaThread "Catalina-utility-1"                [_thread_blocked, id=15884, stack(0x000000c04cd00000,0x000000c04ce00000) (1024K)]
  0x00000201919475b0 JavaThread "Catalina-utility-2"                [_thread_blocked, id=19656, stack(0x000000c04ce00000,0x000000c04cf00000) (1024K)]
  0x0000020191947c40 JavaThread "container-0"                       [_thread_blocked, id=4180, stack(0x000000c04cf00000,0x000000c04d000000) (1024K)]
Total: 19

Other Threads:
  0x0000020148de6bf0 VMThread "VM Thread"                           [id=12376, stack(0x000000c04b100000,0x000000c04b200000) (1024K)]
  0x0000020148dd4ce0 WatcherThread "VM Periodic Task Thread"        [id=7864, stack(0x000000c04b000000,0x000000c04b100000) (1024K)]
  0x000002012bf32220 WorkerThread "GC Thread#0"                     [id=17116, stack(0x000000c04ab00000,0x000000c04ac00000) (1024K)]
  0x000002018ed9cfe0 WorkerThread "GC Thread#1"                     [id=21476, stack(0x000000c04be00000,0x000000c04bf00000) (1024K)]
  0x000002018eda0960 WorkerThread "GC Thread#2"                     [id=21776, stack(0x000000c04bf00000,0x000000c04c000000) (1024K)]
  0x000002018ee21250 WorkerThread "GC Thread#3"                     [id=2100, stack(0x000000c04c000000,0x000000c04c100000) (1024K)]
  0x000002018ee21c10 WorkerThread "GC Thread#4"                     [id=12808, stack(0x000000c04c100000,0x000000c04c200000) (1024K)]
  0x000002018ee229d0 WorkerThread "GC Thread#5"                     [id=5552, stack(0x000000c04c200000,0x000000c04c300000) (1024K)]
  0x000002018ee23ff0 WorkerThread "GC Thread#6"                     [id=7868, stack(0x000000c04c300000,0x000000c04c400000) (1024K)]
  0x000002018f198ab0 WorkerThread "GC Thread#7"                     [id=19332, stack(0x000000c04c500000,0x000000c04c600000) (1024K)]
  0x000002018f197490 WorkerThread "GC Thread#8"                     [id=9952, stack(0x000000c04c600000,0x000000c04c700000) (1024K)]
  0x000002018f199d20 WorkerThread "GC Thread#9"                     [id=18800, stack(0x000000c04c700000,0x000000c04c800000) (1024K)]
  0x0000020129c4daf0 ConcurrentGCThread "G1 Main Marker"            [id=14604, stack(0x000000c04ac00000,0x000000c04ad00000) (1024K)]
  0x0000020129c4e600 WorkerThread "G1 Conc#0"                       [id=15120, stack(0x000000c04ad00000,0x000000c04ae00000) (1024K)]
  0x000002018f197840 WorkerThread "G1 Conc#1"                       [id=15148, stack(0x000000c04c400000,0x000000c04c500000) (1024K)]
  0x000002018f1995c0 WorkerThread "G1 Conc#2"                       [id=18004, stack(0x000000c04c800000,0x000000c04c900000) (1024K)]
  0x0000020148ca53d0 ConcurrentGCThread "G1 Refine#0"               [id=23244, stack(0x000000c04ae00000,0x000000c04af00000) (1024K)]
  0x0000020148ca5f50 ConcurrentGCThread "G1 Service"                [id=9540, stack(0x000000c04af00000,0x000000c04b000000) (1024K)]
Total: 18

Threads with active compile tasks:
C2 CompilerThread0  11074 7972       4       org.springframework.beans.factory.support.AbstractBeanFactory::isTypeMatch (745 bytes)
C1 CompilerThread0  11074 8175       3       org.springframework.aop.framework.autoproxy.AutoProxyUtils::determineTargetClass (51 bytes)
C2 CompilerThread1  11074 8132   !   4       org.springframework.util.ReflectionUtils::getDeclaredMethods (183 bytes)
Total: 3

VM state: not at safepoint (normal execution)

VM Mutex/Monitor currently owned by a thread:  ([mutex/lock_event])
[0x00007ffcdfc52490] MethodCompileQueue_lock - owner thread: 0x0000000000000000

Heap address: 0x0000000089800000, size: 1896 MB, Compressed Oops mode: 32-bit

CDS archive(s) mapped at: [0x0000020149000000-0x0000020149d70000-0x0000020149d70000), size 14090240, SharedBaseAddress: 0x0000020149000000, ArchiveRelocationMode: 1.
Compressed class space mapped at: 0x000002014a000000-0x000002018a000000, reserved size: 1073741824
Narrow klass base: 0x0000020149000000, Narrow klass shift: 0, Narrow klass range: 0x41000000

GC Precious Log:
 CardTable entry size: 512
 Card Set container configuration: InlinePtr #cards 5 size 8 Array Of Cards #cards 10 size 36 Howl #buckets 4 coarsen threshold 1843 Howl Bitmap #cards 512 size 80 coarsen threshold 460 Card regions per heap region 1 cards per card region 2048
 CPUs: 12 total, 12 available
 Memory: 7579M
 Large Page Support: Disabled
 NUMA Support: Disabled
 Compressed Oops: Enabled (32-bit)
 Heap Region Size: 1M
 Heap Min Capacity: 8M
 Heap Initial Capacity: 120M
 Heap Max Capacity: 1896M
 Pre-touch: Disabled
 Parallel Workers: 10
 Concurrent Workers: 3
 Concurrent Refinement Workers: 10
 Periodic GC: Disabled

Heap:
 garbage-first heap   total reserved 1941504K, committed 80896K, used 59210K [0x0000000089800000, 0x0000000100000000)
  region size 1024K, 26 young (26624K), 5 survivors (5120K)
 Metaspace       used 76563K, committed 77312K, reserved 1179648K
  class space    used 10706K, committed 11072K, reserved 1048576K

Heap Regions: E=young(eden), S=young(survivor), O=old, HS=humongous(starts), HC=humongous(continues), CS=collection set, F=free, TAMS=top-at-mark-start, PB=parsable bottom
|   0|0x0000000089800000, 0x0000000089900000, 0x0000000089900000|100%|HS|  |TAMS 0x0000000089800000| PB 0x0000000089800000| Complete |  0
|   1|0x0000000089900000, 0x0000000089a00000, 0x0000000089a00000|100%| O|  |TAMS 0x0000000089900000| PB 0x0000000089900000| Untracked |  0
|   2|0x0000000089a00000, 0x0000000089b00000, 0x0000000089b00000|100%| O|  |TAMS 0x0000000089a00000| PB 0x0000000089a00000| Untracked |  0
|   3|0x0000000089b00000, 0x0000000089c00000, 0x0000000089c00000|100%| O|  |TAMS 0x0000000089b00000| PB 0x0000000089b00000| Untracked |  0
|   4|0x0000000089c00000, 0x0000000089d00000, 0x0000000089d00000|100%| O|  |TAMS 0x0000000089c00000| PB 0x0000000089c00000| Untracked |  0
|   5|0x0000000089d00000, 0x0000000089e00000, 0x0000000089e00000|100%| O|  |TAMS 0x0000000089d00000| PB 0x0000000089d00000| Untracked |  0
|   6|0x0000000089e00000, 0x0000000089f00000, 0x0000000089f00000|100%| O|  |TAMS 0x0000000089e00000| PB 0x0000000089e00000| Untracked |  0
|   7|0x0000000089f00000, 0x000000008a000000, 0x000000008a000000|100%| O|  |TAMS 0x0000000089f00000| PB 0x0000000089f00000| Untracked |  0
|   8|0x000000008a000000, 0x000000008a100000, 0x000000008a100000|100%| O|  |TAMS 0x000000008a000000| PB 0x000000008a000000| Untracked |  0
|   9|0x000000008a100000, 0x000000008a200000, 0x000000008a200000|100%| O|  |TAMS 0x000000008a100000| PB 0x000000008a100000| Untracked |  0
|  10|0x000000008a200000, 0x000000008a300000, 0x000000008a300000|100%| O|  |TAMS 0x000000008a200000| PB 0x000000008a200000| Untracked |  0
|  11|0x000000008a300000, 0x000000008a400000, 0x000000008a400000|100%| O|  |TAMS 0x000000008a300000| PB 0x000000008a300000| Untracked |  0
|  12|0x000000008a400000, 0x000000008a500000, 0x000000008a500000|100%| O|  |TAMS 0x000000008a400000| PB 0x000000008a400000| Untracked |  0
|  13|0x000000008a500000, 0x000000008a600000, 0x000000008a600000|100%| O|  |TAMS 0x000000008a500000| PB 0x000000008a500000| Untracked |  0
|  14|0x000000008a600000, 0x000000008a700000, 0x000000008a700000|100%| O|  |TAMS 0x000000008a600000| PB 0x000000008a600000| Untracked |  0
|  15|0x000000008a700000, 0x000000008a800000, 0x000000008a800000|100%| O|  |TAMS 0x000000008a700000| PB 0x000000008a700000| Untracked |  0
|  16|0x000000008a800000, 0x000000008a900000, 0x000000008a900000|100%| O|Cm|TAMS 0x000000008a800000| PB 0x000000008a800000| Complete |  0
|  17|0x000000008a900000, 0x000000008aa00000, 0x000000008aa00000|100%| O|  |TAMS 0x000000008a900000| PB 0x000000008a900000| Untracked |  0
|  18|0x000000008aa00000, 0x000000008ab00000, 0x000000008ab00000|100%| O|  |TAMS 0x000000008aa00000| PB 0x000000008aa00000| Untracked |  0
|  19|0x000000008ab00000, 0x000000008ac00000, 0x000000008ac00000|100%| O|  |TAMS 0x000000008ab00000| PB 0x000000008ab00000| Untracked |  0
|  20|0x000000008ac00000, 0x000000008ad00000, 0x000000008ad00000|100%| O|  |TAMS 0x000000008ac00000| PB 0x000000008ac00000| Untracked |  0
|  21|0x000000008ad00000, 0x000000008ad00000, 0x000000008ae00000|  0%| F|  |TAMS 0x000000008ad00000| PB 0x000000008ad00000| Untracked |  0
|  22|0x000000008ae00000, 0x000000008af00000, 0x000000008af00000|100%| O|  |TAMS 0x000000008ae00000| PB 0x000000008ae00000| Untracked |  0
|  23|0x000000008af00000, 0x000000008b000000, 0x000000008b000000|100%| O|  |TAMS 0x000000008af00000| PB 0x000000008af00000| Untracked |  0
|  24|0x000000008b000000, 0x000000008b100000, 0x000000008b100000|100%| O|  |TAMS 0x000000008b000000| PB 0x000000008b000000| Untracked |  0
|  25|0x000000008b100000, 0x000000008b200000, 0x000000008b200000|100%| O|  |TAMS 0x000000008b100000| PB 0x000000008b100000| Untracked |  0
|  26|0x000000008b200000, 0x000000008b300000, 0x000000008b300000|100%| O|  |TAMS 0x000000008b200000| PB 0x000000008b200000| Untracked |  0
|  27|0x000000008b300000, 0x000000008b400000, 0x000000008b400000|100%| O|  |TAMS 0x000000008b300000| PB 0x000000008b300000| Untracked |  0
|  28|0x000000008b400000, 0x000000008b500000, 0x000000008b500000|100%| O|  |TAMS 0x000000008b400000| PB 0x000000008b400000| Untracked |  0
|  29|0x000000008b500000, 0x000000008b600000, 0x000000008b600000|100%| O|  |TAMS 0x000000008b500000| PB 0x000000008b500000| Untracked |  0
|  30|0x000000008b600000, 0x000000008b6d28e0, 0x000000008b700000| 82%| O|  |TAMS 0x000000008b600000| PB 0x000000008b600000| Untracked |  0
|  31|0x000000008b700000, 0x000000008b700000, 0x000000008b800000|  0%| F|  |TAMS 0x000000008b700000| PB 0x000000008b700000| Untracked |  0
|  32|0x000000008b800000, 0x000000008b900000, 0x000000008b900000|100%| O|  |TAMS 0x000000008b800000| PB 0x000000008b800000| Untracked |  0
|  33|0x000000008b900000, 0x000000008ba00000, 0x000000008ba00000|100%| O|  |TAMS 0x000000008b900000| PB 0x000000008b900000| Untracked |  0
|  34|0x000000008ba00000, 0x000000008ba00000, 0x000000008bb00000|  0%| F|  |TAMS 0x000000008ba00000| PB 0x000000008ba00000| Untracked |  0
|  35|0x000000008bb00000, 0x000000008bc00000, 0x000000008bc00000|100%| S|CS|TAMS 0x000000008bb00000| PB 0x000000008bb00000| Complete |  0
|  36|0x000000008bc00000, 0x000000008bd00000, 0x000000008bd00000|100%| O|  |TAMS 0x000000008bc00000| PB 0x000000008bc00000| Untracked |  0
|  37|0x000000008bd00000, 0x000000008be00000, 0x000000008be00000|100%| S|CS|TAMS 0x000000008bd00000| PB 0x000000008bd00000| Complete |  0
|  38|0x000000008be00000, 0x000000008bf00000, 0x000000008bf00000|100%| S|CS|TAMS 0x000000008be00000| PB 0x000000008be00000| Complete |  0
|  39|0x000000008bf00000, 0x000000008c000000, 0x000000008c000000|100%| S|CS|TAMS 0x000000008bf00000| PB 0x000000008bf00000| Complete |  0
|  40|0x000000008c000000, 0x000000008c100000, 0x000000008c100000|100%| S|CS|TAMS 0x000000008c000000| PB 0x000000008c000000| Complete |  0
|  41|0x000000008c100000, 0x000000008c100000, 0x000000008c200000|  0%| F|  |TAMS 0x000000008c100000| PB 0x000000008c100000| Untracked |  0
|  42|0x000000008c200000, 0x000000008c200000, 0x000000008c300000|  0%| F|  |TAMS 0x000000008c200000| PB 0x000000008c200000| Untracked |  0
|  43|0x000000008c300000, 0x000000008c300000, 0x000000008c400000|  0%| F|  |TAMS 0x000000008c300000| PB 0x000000008c300000| Untracked |  0
|  44|0x000000008c400000, 0x000000008c400000, 0x000000008c500000|  0%| F|  |TAMS 0x000000008c400000| PB 0x000000008c400000| Untracked |  0
|  45|0x000000008c500000, 0x000000008c500000, 0x000000008c600000|  0%| F|  |TAMS 0x000000008c500000| PB 0x000000008c500000| Untracked |  0
|  46|0x000000008c600000, 0x000000008c600000, 0x000000008c700000|  0%| F|  |TAMS 0x000000008c600000| PB 0x000000008c600000| Untracked |  0
|  47|0x000000008c700000, 0x000000008c700000, 0x000000008c800000|  0%| F|  |TAMS 0x000000008c700000| PB 0x000000008c700000| Untracked |  0
|  48|0x000000008c800000, 0x000000008c800000, 0x000000008c900000|  0%| F|  |TAMS 0x000000008c800000| PB 0x000000008c800000| Untracked |  0
|  49|0x000000008c900000, 0x000000008c900000, 0x000000008ca00000|  0%| F|  |TAMS 0x000000008c900000| PB 0x000000008c900000| Untracked |  0
|  50|0x000000008ca00000, 0x000000008ca00000, 0x000000008cb00000|  0%| F|  |TAMS 0x000000008ca00000| PB 0x000000008ca00000| Untracked |  0
|  51|0x000000008cb00000, 0x000000008cb00000, 0x000000008cc00000|  0%| F|  |TAMS 0x000000008cb00000| PB 0x000000008cb00000| Untracked |  0
|  52|0x000000008cc00000, 0x000000008cc00000, 0x000000008cd00000|  0%| F|  |TAMS 0x000000008cc00000| PB 0x000000008cc00000| Untracked |  0
|  53|0x000000008cd00000, 0x000000008cd00000, 0x000000008ce00000|  0%| F|  |TAMS 0x000000008cd00000| PB 0x000000008cd00000| Untracked |  0
|  54|0x000000008ce00000, 0x000000008ce00000, 0x000000008cf00000|  0%| F|  |TAMS 0x000000008ce00000| PB 0x000000008ce00000| Untracked |  0
|  55|0x000000008cf00000, 0x000000008cf00000, 0x000000008d000000|  0%| F|  |TAMS 0x000000008cf00000| PB 0x000000008cf00000| Untracked |  0
|  56|0x000000008d000000, 0x000000008d000000, 0x000000008d100000|  0%| F|  |TAMS 0x000000008d000000| PB 0x000000008d000000| Untracked |  0
|  57|0x000000008d100000, 0x000000008d100000, 0x000000008d200000|  0%| F|  |TAMS 0x000000008d100000| PB 0x000000008d100000| Untracked |  0
|  58|0x000000008d200000, 0x000000008d300000, 0x000000008d300000|100%| E|  |TAMS 0x000000008d200000| PB 0x000000008d200000| Complete |  0
|  59|0x000000008d300000, 0x000000008d400000, 0x000000008d400000|100%| E|CS|TAMS 0x000000008d300000| PB 0x000000008d300000| Complete |  0
|  60|0x000000008d400000, 0x000000008d500000, 0x000000008d500000|100%| E|CS|TAMS 0x000000008d400000| PB 0x000000008d400000| Complete |  0
|  61|0x000000008d500000, 0x000000008d600000, 0x000000008d600000|100%| E|CS|TAMS 0x000000008d500000| PB 0x000000008d500000| Complete |  0
|  62|0x000000008d600000, 0x000000008d700000, 0x000000008d700000|100%| E|CS|TAMS 0x000000008d600000| PB 0x000000008d600000| Complete |  0
|  63|0x000000008d700000, 0x000000008d800000, 0x000000008d800000|100%| E|CS|TAMS 0x000000008d700000| PB 0x000000008d700000| Complete |  0
|  64|0x000000008d800000, 0x000000008d900000, 0x000000008d900000|100%| E|CS|TAMS 0x000000008d800000| PB 0x000000008d800000| Complete |  0
|  65|0x000000008d900000, 0x000000008da00000, 0x000000008da00000|100%| E|CS|TAMS 0x000000008d900000| PB 0x000000008d900000| Complete |  0
|  66|0x000000008da00000, 0x000000008db00000, 0x000000008db00000|100%| E|CS|TAMS 0x000000008da00000| PB 0x000000008da00000| Complete |  0
|  67|0x000000008db00000, 0x000000008dc00000, 0x000000008dc00000|100%| E|CS|TAMS 0x000000008db00000| PB 0x000000008db00000| Complete |  0
|  68|0x000000008dc00000, 0x000000008dd00000, 0x000000008dd00000|100%| E|CS|TAMS 0x000000008dc00000| PB 0x000000008dc00000| Complete |  0
|  69|0x000000008dd00000, 0x000000008de00000, 0x000000008de00000|100%| E|CS|TAMS 0x000000008dd00000| PB 0x000000008dd00000| Complete |  0
|  70|0x000000008de00000, 0x000000008df00000, 0x000000008df00000|100%| E|CS|TAMS 0x000000008de00000| PB 0x000000008de00000| Complete |  0
|  71|0x000000008df00000, 0x000000008e000000, 0x000000008e000000|100%| E|CS|TAMS 0x000000008df00000| PB 0x000000008df00000| Complete |  0
|  72|0x000000008e000000, 0x000000008e100000, 0x000000008e100000|100%| E|CS|TAMS 0x000000008e000000| PB 0x000000008e000000| Complete |  0
|  73|0x000000008e100000, 0x000000008e200000, 0x000000008e200000|100%| E|CS|TAMS 0x000000008e100000| PB 0x000000008e100000| Complete |  0
|  74|0x000000008e200000, 0x000000008e300000, 0x000000008e300000|100%| E|CS|TAMS 0x000000008e200000| PB 0x000000008e200000| Complete |  0
|  75|0x000000008e300000, 0x000000008e400000, 0x000000008e400000|100%| E|CS|TAMS 0x000000008e300000| PB 0x000000008e300000| Complete |  0
|  76|0x000000008e400000, 0x000000008e500000, 0x000000008e500000|100%| E|CS|TAMS 0x000000008e400000| PB 0x000000008e400000| Complete |  0
|  77|0x000000008e500000, 0x000000008e600000, 0x000000008e600000|100%| E|CS|TAMS 0x000000008e500000| PB 0x000000008e500000| Complete |  0
| 119|0x0000000090f00000, 0x0000000091000000, 0x0000000091000000|100%| E|CS|TAMS 0x0000000090f00000| PB 0x0000000090f00000| Complete |  0

Card table byte_map: [0x0000020144030000,0x00000201443f0000] _byte_map_base: 0x0000020143be4000

Marking Bits: (CMBitMap*) 0x000002012bf33140
 Bits: [0x00000201443f0000, 0x0000020146190000)

Polling page: 0x0000020129b30000

Metaspace:

Usage:
  Non-class:     64.32 MB used.
      Class:     10.46 MB used.
       Both:     74.77 MB used.

Virtual space:
  Non-class space:      128.00 MB reserved,      64.69 MB ( 51%) committed,  2 nodes.
      Class space:        1.00 GB reserved,      10.81 MB (  1%) committed,  1 nodes.
             Both:        1.12 GB reserved,      75.50 MB (  7%) committed. 

Chunk freelists:
   Non-Class:  14.64 MB
       Class:  5.10 MB
        Both:  19.74 MB

MaxMetaspaceSize: unlimited
CompressedClassSpaceSize: 1.00 GB
Initial GC threshold: 21.00 MB
Current GC threshold: 116.56 MB
CDS: on
 - commit_granule_bytes: 65536.
 - commit_granule_words: 8192.
 - virtual_space_node_default_size: 8388608.
 - enlarge_chunks_in_place: 1.
 - use_allocation_guard: 0.


Internal statistics:

num_allocs_failed_limit: 9.
num_arena_births: 1062.
num_arena_deaths: 0.
num_vsnodes_births: 3.
num_vsnodes_deaths: 0.
num_space_committed: 1208.
num_space_uncommitted: 0.
num_chunks_returned_to_freelist: 9.
num_chunks_taken_from_freelist: 3680.
num_chunk_merges: 6.
num_chunk_splits: 2678.
num_chunks_enlarged: 2108.
num_inconsistent_stats: 0.

CodeHeap 'non-profiled nmethods': size=120064Kb used=3267Kb max_used=3267Kb free=116797Kb
 bounds [0x000002013c0c0000, 0x000002013c400000, 0x0000020143600000]
CodeHeap 'profiled nmethods': size=120000Kb used=10036Kb max_used=10036Kb free=109963Kb
 bounds [0x0000020134600000, 0x0000020134fd0000, 0x000002013bb30000]
CodeHeap 'non-nmethods': size=5696Kb used=1726Kb max_used=1776Kb free=3969Kb
 bounds [0x000002013bb30000, 0x000002013bda0000, 0x000002013c0c0000]
CodeCache: size=245760Kb, used=15029Kb, max_used=15079Kb, free=230729Kb
 total_blobs=7673, nmethods=6905, adapters=673, full_count=0
Compilation: enabled, stopped_count=0, restarted_count=0

Compilation events (20 events):
Event: 10.972 Thread 0x000002018e7058b0 8093       4       java.lang.invoke.LambdaForm::useCount (61 bytes)
Event: 10.975 Thread 0x0000020148e14060 8122       3       sun.reflect.generics.repository.ClassRepository::parse (8 bytes)
Event: 10.975 Thread 0x0000020148e14060 nmethod 8122 0x0000020134fb5c08 code [0x0000020134fb5d60, 0x0000020134fb6128]
Event: 10.977 Thread 0x000002018e7058b0 nmethod 8093 0x000002013c292888 code [0x000002013c2929a0, 0x000002013c292c38]
Event: 10.977 Thread 0x000002018e7058b0 8100       4       java.util.ArrayList::grow (60 bytes)
Event: 10.977 Thread 0x0000020148e14060 8123       3       sun.reflect.annotation.AnnotationParser$$Lambda/0x000002014a083408::get (20 bytes)
Event: 10.977 Thread 0x0000020148e14060 nmethod 8123 0x0000020134fb6188 code [0x0000020134fb62c0, 0x0000020134fb6470]
Event: 10.977 Thread 0x0000020148e14060 8124       3       sun.reflect.annotation.AnnotationParser::lambda$parseEnumArray$1 (8 bytes)
Event: 10.977 Thread 0x0000020148e14060 nmethod 8124 0x0000020134fb6488 code [0x0000020134fb65a0, 0x0000020134fb66b8]
Event: 10.980 Thread 0x000002018e7058b0 nmethod 8100 0x000002013c292308 code [0x000002013c292420, 0x000002013c292820]
Event: 10.980 Thread 0x000002018e7058b0 8121       4       org.springframework.util.CollectionUtils::isEmpty (19 bytes)
Event: 10.980 Thread 0x000002018e7058b0 nmethod 8121 0x000002013c292008 code [0x000002013c292100, 0x000002013c2921a0]
Event: 10.980 Thread 0x000002018e7058b0 8101       4       jdk.internal.classfile.impl.AbstractPoolEntry$MethodRefEntryImpl::clone (6 bytes)
Event: 10.982 Thread 0x000002018e7058b0 nmethod 8101 0x000002013c291d08 code [0x000002013c291e20, 0x000002013c291f10]
Event: 10.982 Thread 0x000002018e7058b0 8102       4       jdk.internal.classfile.impl.AbstractPoolEntry$MethodRefEntryImpl::clone (38 bytes)
Event: 10.983 Thread 0x000002018e7058b0 nmethod 8102 0x000002013c291a08 code [0x000002013c291b20, 0x000002013c291c10]
Event: 10.983 Thread 0x000002018e7058b0 8097       4       jdk.internal.org.objectweb.asm.Frame::pop (42 bytes)
Event: 10.984 Thread 0x000002018e7058b0 nmethod 8097 0x000002013c291708 code [0x000002013c291800, 0x000002013c2918e8]
Event: 10.984 Thread 0x000002018e7058b0 8091       4       jdk.internal.org.objectweb.asm.ByteVector::put11 (52 bytes)
Event: 10.985 Thread 0x000002018e7058b0 nmethod 8091 0x000002013c291408 code [0x000002013c291520, 0x000002013c2916d0]

GC Heap History (20 events):
Event: 7.804 GC heap before
{Heap before GC invocations=10 (full 0):
 garbage-first heap   total reserved 1941504K, committed 66560K, used 53553K [0x0000000089800000, 0x0000000100000000)
  region size 1024K, 33 young (33792K), 4 survivors (4096K)
 Metaspace       used 54516K, committed 55104K, reserved 1114112K
  class space    used 7283K, committed 7552K, reserved 1048576K
}
Event: 7.810 GC heap after
{Heap after GC invocations=11 (full 0):
 garbage-first heap   total reserved 1941504K, committed 66560K, used 26779K [0x0000000089800000, 0x0000000100000000)
  region size 1024K, 3 young (3072K), 3 survivors (3072K)
 Metaspace       used 54516K, committed 55104K, reserved 1114112K
  class space    used 7283K, committed 7552K, reserved 1048576K
}
Event: 8.242 GC heap before
{Heap before GC invocations=11 (full 0):
 garbage-first heap   total reserved 1941504K, committed 66560K, used 50331K [0x0000000089800000, 0x0000000100000000)
  region size 1024K, 27 young (27648K), 3 survivors (3072K)
 Metaspace       used 59560K, committed 60160K, reserved 1114112K
  class space    used 8065K, committed 8320K, reserved 1048576K
}
Event: 8.246 GC heap after
{Heap after GC invocations=12 (full 0):
 garbage-first heap   total reserved 1941504K, committed 66560K, used 27545K [0x0000000089800000, 0x0000000100000000)
  region size 1024K, 3 young (3072K), 3 survivors (3072K)
 Metaspace       used 59560K, committed 60160K, reserved 1114112K
  class space    used 8065K, committed 8320K, reserved 1048576K
}
Event: 8.887 GC heap before
{Heap before GC invocations=13 (full 0):
 garbage-first heap   total reserved 1941504K, committed 66560K, used 58265K [0x0000000089800000, 0x0000000100000000)
  region size 1024K, 33 young (33792K), 3 survivors (3072K)
 Metaspace       used 65177K, committed 65792K, reserved 1114112K
  class space    used 8989K, committed 9280K, reserved 1048576K
}
Event: 8.900 GC heap after
{Heap after GC invocations=14 (full 0):
 garbage-first heap   total reserved 1941504K, committed 66560K, used 30223K [0x0000000089800000, 0x0000000100000000)
  region size 1024K, 4 young (4096K), 4 survivors (4096K)
 Metaspace       used 65177K, committed 65792K, reserved 1114112K
  class space    used 8989K, committed 9280K, reserved 1048576K
}
Event: 9.227 GC heap before
{Heap before GC invocations=14 (full 0):
 garbage-first heap   total reserved 1941504K, committed 66560K, used 57871K [0x0000000089800000, 0x0000000100000000)
  region size 1024K, 31 young (31744K), 4 survivors (4096K)
 Metaspace       used 68777K, committed 69440K, reserved 1114112K
  class space    used 9624K, committed 9920K, reserved 1048576K
}
Event: 9.237 GC heap after
{Heap after GC invocations=15 (full 0):
 garbage-first heap   total reserved 1941504K, committed 66560K, used 31351K [0x0000000089800000, 0x0000000100000000)
  region size 1024K, 2 young (2048K), 2 survivors (2048K)
 Metaspace       used 68777K, committed 69440K, reserved 1114112K
  class space    used 9624K, committed 9920K, reserved 1048576K
}
Event: 9.635 GC heap before
{Heap before GC invocations=15 (full 0):
 garbage-first heap   total reserved 1941504K, committed 66560K, used 58999K [0x0000000089800000, 0x0000000100000000)
  region size 1024K, 29 young (29696K), 2 survivors (2048K)
 Metaspace       used 70225K, committed 70848K, reserved 1114112K
  class space    used 9808K, committed 10048K, reserved 1048576K
}
Event: 9.638 GC heap after
{Heap after GC invocations=16 (full 0):
 garbage-first heap   total reserved 1941504K, committed 66560K, used 33419K [0x0000000089800000, 0x0000000100000000)
  region size 1024K, 4 young (4096K), 4 survivors (4096K)
 Metaspace       used 70225K, committed 70848K, reserved 1114112K
  class space    used 9808K, committed 10048K, reserved 1048576K
}
Event: 9.700 GC heap before
{Heap before GC invocations=16 (full 0):
 garbage-first heap   total reserved 1941504K, committed 66560K, used 57995K [0x0000000089800000, 0x0000000100000000)
  region size 1024K, 28 young (28672K), 4 survivors (4096K)
 Metaspace       used 70307K, committed 70976K, reserved 1114112K
  class space    used 9821K, committed 10112K, reserved 1048576K
}
Event: 9.705 GC heap after
{Heap after GC invocations=17 (full 0):
 garbage-first heap   total reserved 1941504K, committed 66560K, used 35457K [0x0000000089800000, 0x0000000100000000)
  region size 1024K, 3 young (3072K), 3 survivors (3072K)
 Metaspace       used 70307K, committed 70976K, reserved 1114112K
  class space    used 9821K, committed 10112K, reserved 1048576K
}
Event: 9.784 GC heap before
{Heap before GC invocations=18 (full 0):
 garbage-first heap   total reserved 1941504K, committed 66560K, used 57985K [0x0000000089800000, 0x0000000100000000)
  region size 1024K, 25 young (25600K), 3 survivors (3072K)
 Metaspace       used 70335K, committed 70976K, reserved 1114112K
  class space    used 9831K, committed 10112K, reserved 1048576K
}
Event: 9.787 GC heap after
{Heap after GC invocations=19 (full 0):
 garbage-first heap   total reserved 1941504K, committed 66560K, used 34677K [0x0000000089800000, 0x0000000100000000)
  region size 1024K, 2 young (2048K), 2 survivors (2048K)
 Metaspace       used 70335K, committed 70976K, reserved 1114112K
  class space    used 9831K, committed 10112K, reserved 1048576K
}
Event: 9.877 GC heap before
{Heap before GC invocations=19 (full 0):
 garbage-first heap   total reserved 1941504K, committed 66560K, used 59253K [0x0000000089800000, 0x0000000100000000)
  region size 1024K, 26 young (26624K), 2 survivors (2048K)
 Metaspace       used 70458K, committed 71040K, reserved 1114112K
  class space    used 9854K, committed 10112K, reserved 1048576K
}
Event: 9.880 GC heap after
{Heap after GC invocations=20 (full 0):
 garbage-first heap   total reserved 1941504K, committed 80896K, used 35221K [0x0000000089800000, 0x0000000100000000)
  region size 1024K, 3 young (3072K), 3 survivors (3072K)
 Metaspace       used 70458K, committed 71040K, reserved 1114112K
  class space    used 9854K, committed 10112K, reserved 1048576K
}
Event: 10.047 GC heap before
{Heap before GC invocations=20 (full 0):
 garbage-first heap   total reserved 1941504K, committed 80896K, used 71061K [0x0000000089800000, 0x0000000100000000)
  region size 1024K, 38 young (38912K), 3 survivors (3072K)
 Metaspace       used 70921K, committed 71552K, reserved 1114112K
  class space    used 9892K, committed 10176K, reserved 1048576K
}
Event: 10.050 GC heap after
{Heap after GC invocations=21 (full 0):
 garbage-first heap   total reserved 1941504K, committed 80896K, used 35892K [0x0000000089800000, 0x0000000100000000)
  region size 1024K, 3 young (3072K), 3 survivors (3072K)
 Metaspace       used 70921K, committed 71552K, reserved 1114112K
  class space    used 9892K, committed 10176K, reserved 1048576K
}
Event: 10.638 GC heap before
{Heap before GC invocations=22 (full 0):
 garbage-first heap   total reserved 1941504K, committed 80896K, used 71732K [0x0000000089800000, 0x0000000100000000)
  region size 1024K, 38 young (38912K), 3 survivors (3072K)
 Metaspace       used 74622K, committed 75328K, reserved 1114112K
  class space    used 10441K, committed 10752K, reserved 1048576K
}
Event: 10.643 GC heap after
{Heap after GC invocations=23 (full 0):
 garbage-first heap   total reserved 1941504K, committed 80896K, used 38730K [0x0000000089800000, 0x0000000100000000)
  region size 1024K, 5 young (5120K), 5 survivors (5120K)
 Metaspace       used 74622K, committed 75328K, reserved 1114112K
  class space    used 10441K, committed 10752K, reserved 1048576K
}

Dll operation events (14 events):
Event: 0.020 Loaded shared library C:\Program Files\Java\jdk-23\bin\java.dll
Event: 0.070 Loaded shared library C:\Program Files\Java\jdk-23\bin\jsvml.dll
Event: 0.199 Loaded shared library C:\Program Files\Java\jdk-23\bin\zip.dll
Event: 0.203 Loaded shared library C:\Program Files\Java\jdk-23\bin\instrument.dll
Event: 0.208 Loaded shared library C:\Program Files\Java\jdk-23\bin\net.dll
Event: 0.209 Loaded shared library C:\Program Files\Java\jdk-23\bin\nio.dll
Event: 0.213 Loaded shared library C:\Program Files\Java\jdk-23\bin\zip.dll
Event: 0.443 Loaded shared library C:\Program Files\JetBrains\IntelliJ IDEA Community Edition 2024.2.3\bin\breakgen64.dll
Event: 0.457 Loaded shared library C:\Program Files\Java\jdk-23\bin\extnet.dll
Event: 0.507 Loaded shared library C:\Program Files\Java\jdk-23\bin\jimage.dll
Event: 2.263 Loaded shared library C:\Program Files\Java\jdk-23\bin\sunmscapi.dll
Event: 5.026 Loaded shared library C:\Program Files\Java\jdk-23\bin\management.dll
Event: 5.029 Loaded shared library C:\Program Files\Java\jdk-23\bin\management_ext.dll
Event: 5.945 Loaded shared library C:\Program Files\Java\jdk-23\bin\verify.dll

Deoptimization events (20 events):
Event: 10.821 Thread 0x0000020129b8d490 Uncommon trap: trap_request=0xffffff45 fr.pc=0x000002013c2646e4 relative=0x00000000000003c4
Event: 10.821 Thread 0x0000020129b8d490 Uncommon trap: reason=unstable_if action=reinterpret pc=0x000002013c2646e4 method=org.springframework.beans.factory.support.DefaultSingletonBeanRegistry.getSingleton(Ljava/lang/String;Z)Ljava/lang/Object; @ 39 c2
Event: 10.821 Thread 0x0000020129b8d490 DEOPT PACKING pc=0x000002013c2646e4 sp=0x000000c04aafddc0
Event: 10.821 Thread 0x0000020129b8d490 DEOPT UNPACKING pc=0x000002013bb84402 sp=0x000000c04aafdd58 mode 2
Event: 10.937 Thread 0x0000020129b8d490 Uncommon trap: trap_request=0xffffffde fr.pc=0x000002013c298f70 relative=0x00000000000001b0
Event: 10.937 Thread 0x0000020129b8d490 Uncommon trap: reason=class_check action=maybe_recompile pc=0x000002013c298f70 method=org.springframework.beans.factory.support.AbstractBeanFactory.isPrototypeCurrentlyInCreation(Ljava/lang/String;)Z @ 14 c2
Event: 10.937 Thread 0x0000020129b8d490 DEOPT PACKING pc=0x000002013c298f70 sp=0x000000c04aafc720
Event: 10.937 Thread 0x0000020129b8d490 DEOPT UNPACKING pc=0x000002013bb84402 sp=0x000000c04aafc6b8 mode 2
Event: 10.937 Thread 0x0000020129b8d490 Uncommon trap: trap_request=0xffffffde fr.pc=0x000002013c298f70 relative=0x00000000000001b0
Event: 10.937 Thread 0x0000020129b8d490 Uncommon trap: reason=class_check action=maybe_recompile pc=0x000002013c298f70 method=org.springframework.beans.factory.support.AbstractBeanFactory.isPrototypeCurrentlyInCreation(Ljava/lang/String;)Z @ 14 c2
Event: 10.937 Thread 0x0000020129b8d490 DEOPT PACKING pc=0x000002013c298f70 sp=0x000000c04aafc720
Event: 10.937 Thread 0x0000020129b8d490 DEOPT UNPACKING pc=0x000002013bb84402 sp=0x000000c04aafc6b8 mode 2
Event: 10.937 Thread 0x0000020129b8d490 Uncommon trap: trap_request=0xffffffde fr.pc=0x000002013c298f70 relative=0x00000000000001b0
Event: 10.937 Thread 0x0000020129b8d490 Uncommon trap: reason=class_check action=maybe_recompile pc=0x000002013c298f70 method=org.springframework.beans.factory.support.AbstractBeanFactory.isPrototypeCurrentlyInCreation(Ljava/lang/String;)Z @ 14 c2
Event: 10.937 Thread 0x0000020129b8d490 DEOPT PACKING pc=0x000002013c298f70 sp=0x000000c04aafc720
Event: 10.937 Thread 0x0000020129b8d490 DEOPT UNPACKING pc=0x000002013bb84402 sp=0x000000c04aafc6b8 mode 2
Event: 10.937 Thread 0x0000020129b8d490 Uncommon trap: trap_request=0xffffffde fr.pc=0x000002013c298f70 relative=0x00000000000001b0
Event: 10.937 Thread 0x0000020129b8d490 Uncommon trap: reason=class_check action=maybe_recompile pc=0x000002013c298f70 method=org.springframework.beans.factory.support.AbstractBeanFactory.isPrototypeCurrentlyInCreation(Ljava/lang/String;)Z @ 14 c2
Event: 10.937 Thread 0x0000020129b8d490 DEOPT PACKING pc=0x000002013c298f70 sp=0x000000c04aafc720
Event: 10.937 Thread 0x0000020129b8d490 DEOPT UNPACKING pc=0x000002013bb84402 sp=0x000000c04aafc6b8 mode 2

Classes loaded (20 events):
Event: 10.611 Loading class jdk/internal/access/JavaObjectInputStreamAccess
Event: 10.611 Loading class jdk/internal/access/JavaObjectInputStreamAccess done
Event: 10.611 Loading class jdk/internal/access/JavaUtilConcurrentTLRAccess
Event: 10.611 Loading class jdk/internal/access/JavaUtilConcurrentTLRAccess done
Event: 10.611 Loading class jdk/internal/access/JavaNetHttpCookieAccess
Event: 10.611 Loading class jdk/internal/access/JavaNetHttpCookieAccess done
Event: 10.611 Loading class jdk/internal/access/JavaAWTAccess
Event: 10.611 Loading class jdk/internal/access/JavaAWTAccess done
Event: 10.611 Loading class jdk/internal/access/JavaAWTFontAccess
Event: 10.611 Loading class jdk/internal/access/JavaAWTFontAccess done
Event: 10.611 Loading class jdk/internal/access/JavaObjectInputStreamReadString
Event: 10.611 Loading class jdk/internal/access/JavaObjectInputStreamReadString done
Event: 10.611 Loading class jdk/internal/access/JavaObjectInputFilterAccess
Event: 10.611 Loading class jdk/internal/access/JavaObjectInputFilterAccess done
Event: 10.611 Loading class jdk/internal/access/JavaxCryptoSealedObjectAccess
Event: 10.611 Loading class jdk/internal/access/JavaxCryptoSealedObjectAccess done
Event: 10.611 Loading class jdk/internal/access/JavaxSecurityAccess
Event: 10.611 Loading class jdk/internal/access/JavaxSecurityAccess done
Event: 10.613 Loading class jdk/internal/reflect/ConstantPool$Tag
Event: 10.613 Loading class jdk/internal/reflect/ConstantPool$Tag done

Classes unloaded (0 events):
No events

Classes redefined (0 events):
No events

Internal exceptions (20 events):
Event: 8.417 Thread 0x0000020129b8d490 Exception <a 'java/lang/IncompatibleClassChangeError'{0x000000008ce42ac0}: Found class java.lang.Object, but interface was expected> (0x000000008ce42ac0) 
thrown [s\open\src\hotspot\share\interpreter\linkResolver.cpp, line 863]
Event: 8.420 Thread 0x0000020129b8d490 Implicit null exception at 0x000002013c2a49c3 to 0x000002013c2a6744
Event: 8.429 Thread 0x0000020129b8d490 Exception <a 'java/lang/IncompatibleClassChangeError'{0x000000008cedb8c0}: Found class java.lang.Object, but interface was expected> (0x000000008cedb8c0) 
thrown [s\open\src\hotspot\share\interpreter\linkResolver.cpp, line 863]
Event: 8.453 Thread 0x0000020129b8d490 Implicit null exception at 0x000002013c2879f3 to 0x000002013c287c5c
Event: 8.461 Thread 0x0000020129b8d490 Exception <a 'java/lang/IncompatibleClassChangeError'{0x000000008cca0688}: Found class java.lang.Object, but interface was expected> (0x000000008cca0688) 
thrown [s\open\src\hotspot\share\interpreter\linkResolver.cpp, line 863]
Event: 8.622 Thread 0x0000020129b8d490 Exception <a 'java/lang/IncompatibleClassChangeError'{0x000000008c6e5640}: Found class java.lang.Object, but interface was expected> (0x000000008c6e5640) 
thrown [s\open\src\hotspot\share\interpreter\linkResolver.cpp, line 863]
Event: 9.264 Thread 0x0000020129b8d490 Exception <a 'java/lang/IncompatibleClassChangeError'{0x0000000090f8c9b0}: Found class java.lang.Object, but interface was expected> (0x0000000090f8c9b0) 
thrown [s\open\src\hotspot\share\interpreter\linkResolver.cpp, line 863]
Event: 9.274 Thread 0x0000020129b8d490 Exception <a 'java/lang/NoSuchMethodError'{0x0000000090fff080}: 'java.lang.Object java.lang.invoke.DirectMethodHandle$Holder.invokeStatic(java.lang.Object, int, java.lang.Object)'> (0x0000000090fff080) 
thrown [s\open\src\hotspot\share\interpreter\linkResolver.cpp, line 796]
Event: 9.294 Thread 0x0000020129b8d490 Exception <a 'java/lang/NoSuchMethodError'{0x000000008dcb9850}: 'void java.lang.invoke.Invokers$Holder.invokeExact_MT(java.lang.Object, java.lang.Object, java.lang.Object, java.lang.Object)'> (0x000000008dcb9850) 
thrown [s\open\src\hotspot\share\interpreter\linkResolver.cpp, line 796]
Event: 9.302 Thread 0x0000020129b8d490 Exception <a 'java/lang/NoSuchMethodError'{0x000000008db17b90}: 'void java.lang.invoke.Invokers$Holder.invokeExact_MT(java.lang.Object, java.lang.Object, int, java.lang.Object)'> (0x000000008db17b90) 
thrown [s\open\src\hotspot\share\interpreter\linkResolver.cpp, line 796]
Event: 9.346 Thread 0x0000020129b8d490 Exception <a 'java/lang/NoSuchMethodError'{0x000000008d9707e8}: 'long java.lang.invoke.DirectMethodHandle$Holder.invokeVirtual(java.lang.Object, java.lang.Object)'> (0x000000008d9707e8) 
thrown [s\open\src\hotspot\share\interpreter\linkResolver.cpp, line 796]
Event: 10.031 Thread 0x0000020129b8d490 Exception <a 'java/lang/NoSuchMethodError'{0x000000008c63df70}: 'java.lang.Object java.lang.invoke.DirectMethodHandle$Holder.newInvokeSpecial(java.lang.Object, java.lang.Object, java.lang.Object, java.lang.Object, java.lang.Object, java.lang.Object, java.lang.Object, java.lang.Object)'> (0x000000008c63df70) 
thrown [s\open\src\hotspot\share\interpreter\linkResolver.cpp, line 796]
Event: 10.146 Thread 0x0000020129b8d490 Exception <a 'java/lang/NoSuchMethodError'{0x000000008e04fcc0}: 'java.lang.Object java.lang.invoke.DirectMethodHandle$Holder.invokeVirtual(java.lang.Object, java.lang.Object, java.lang.Object, java.lang.Object, java.lang.Object, java.lang.Object, java.lang.Object)'> (0x000000008e04fcc0) 
thrown [s\open\src\hotspot\share\interpreter\linkResolver.cpp, line 796]
Event: 10.504 Thread 0x0000020129b8d490 Exception <a 'java/lang/IncompatibleClassChangeError'{0x000000008cb3cee8}: Found class java.lang.Object, but interface was expected> (0x000000008cb3cee8) 
thrown [s\open\src\hotspot\share\interpreter\linkResolver.cpp, line 863]
Event: 10.611 Thread 0x0000020129b8d490 Exception <a 'java/lang/NoSuchMethodError'{0x000000008c404330}: 'java.lang.Object java.lang.invoke.Invokers$Holder.invoker(java.lang.Object, java.lang.Object, java.lang.Object, java.lang.Object)'> (0x000000008c404330) 
thrown [s\open\src\hotspot\share\interpreter\linkResolver.cpp, line 796]
Event: 10.709 Thread 0x0000020129b8d490 Exception <a 'java/lang/NoSuchMethodError'{0x000000008e4ccc68}: 'void java.lang.invoke.DirectMethodHandle$Holder.invokeVirtual(java.lang.Object, java.lang.Object, long)'> (0x000000008e4ccc68) 
thrown [s\open\src\hotspot\share\interpreter\linkResolver.cpp, line 796]
Event: 10.812 Thread 0x0000020129b8d490 Exception <a 'java/lang/NoSuchMethodError'{0x000000008df6f628}: 'int java.lang.invoke.DirectMethodHandle$Holder.invokeStaticInit(java.lang.Object, java.lang.Object, java.lang.Object, java.lang.Object)'> (0x000000008df6f628) 
thrown [s\open\src\hotspot\share\interpreter\linkResolver.cpp, line 796]
Event: 10.877 Thread 0x0000020129b8d490 Exception <a 'java/lang/NoSuchMethodError'{0x000000008dc46848}: 'java.lang.Object java.lang.invoke.DirectMethodHandle$Holder.invokeVirtual(java.lang.Object, java.lang.Object, java.lang.Object, java.lang.Object, java.lang.Object, java.lang.Object, java.lang.Object, java.lang.Object, java.lang.Object, java.lang.Object)'> (0x000000008dc46848) 
thrown [s\open\src\hotspot\share\interpreter\linkResolver.cpp, line 796]
Event: 10.947 Thread 0x0000020129b8d490 Exception <a 'java/lang/NoSuchMethodError'{0x000000008da3d870}: 'java.lang.Object java.lang.invoke.DirectMethodHandle$Holder.invokeVirtual(java.lang.Object, java.lang.Object, java.lang.Object, java.lang.Object, java.lang.Object, java.lang.Object, java.lang.Object, java.lang.Object, java.lang.Object)'> (0x000000008da3d870) 
thrown [s\open\src\hotspot\share\interpreter\linkResolver.cpp, line 796]
Event: 10.985 Thread 0x0000020129b8d490 Exception <a 'java/lang/IncompatibleClassChangeError'{0x000000008d810ef8}: Found class java.lang.Object, but interface was expected> (0x000000008d810ef8) 
thrown [s\open\src\hotspot\share\interpreter\linkResolver.cpp, line 863]

VM Operations (20 events):
Event: 9.784 Executing VM operation: G1CollectForAllocation (G1 Evacuation Pause)
Event: 9.787 Executing VM operation: G1CollectForAllocation (G1 Evacuation Pause) done
Event: 9.877 Executing VM operation: G1CollectForAllocation (G1 Evacuation Pause)
Event: 9.880 Executing VM operation: G1CollectForAllocation (G1 Evacuation Pause) done
Event: 10.047 Executing VM operation: G1CollectForAllocation (G1 Evacuation Pause)
Event: 10.050 Executing VM operation: G1CollectForAllocation (G1 Evacuation Pause) done
Event: 10.074 Executing VM operation: G1PauseRemark
Event: 10.077 Executing VM operation: G1PauseRemark done
Event: 10.084 Executing VM operation: G1PauseCleanup
Event: 10.084 Executing VM operation: G1PauseCleanup done
Event: 10.315 Executing VM operation: HandshakeAllThreads (Deoptimize)
Event: 10.315 Executing VM operation: HandshakeAllThreads (Deoptimize) done
Event: 10.339 Executing VM operation: HandshakeAllThreads (Deoptimize)
Event: 10.339 Executing VM operation: HandshakeAllThreads (Deoptimize) done
Event: 10.340 Executing VM operation: HandshakeAllThreads (Deoptimize)
Event: 10.340 Executing VM operation: HandshakeAllThreads (Deoptimize) done
Event: 10.638 Executing VM operation: G1CollectForAllocation (G1 Evacuation Pause)
Event: 10.643 Executing VM operation: G1CollectForAllocation (G1 Evacuation Pause) done
Event: 10.738 Executing VM operation: HandshakeAllThreads (Deoptimize)
Event: 10.738 Executing VM operation: HandshakeAllThreads (Deoptimize) done

Memory protections (0 events):
No events

Nmethod flushes (20 events):
Event: 10.077 Thread 0x0000020148de6bf0 flushing  nmethod 0x0000020134cc3688
Event: 10.077 Thread 0x0000020148de6bf0 flushing  nmethod 0x0000020134cc4688
Event: 10.077 Thread 0x0000020148de6bf0 flushing  nmethod 0x0000020134d39d88
Event: 10.077 Thread 0x0000020148de6bf0 flushing  nmethod 0x0000020134d3c708
Event: 10.077 Thread 0x0000020148de6bf0 flushing  nmethod 0x0000020134eef908
Event: 10.077 Thread 0x0000020148de6bf0 flushing  nmethod 0x0000020134ef1d88
Event: 10.077 Thread 0x0000020148de6bf0 flushing  nmethod 0x000002013c17ee88
Event: 10.077 Thread 0x0000020148de6bf0 flushing  nmethod 0x000002013c2bac88
Event: 10.077 Thread 0x0000020148de6bf0 flushing  nmethod 0x000002013c2bfb08
Event: 10.077 Thread 0x0000020148de6bf0 flushing  nmethod 0x000002013c343688
Event: 10.077 Thread 0x0000020148de6bf0 flushing  nmethod 0x000002013c3cdb08
Event: 10.077 Thread 0x0000020148de6bf0 flushing  nmethod 0x00000201346f3808
Event: 10.077 Thread 0x0000020148de6bf0 flushing  nmethod 0x00000201347bfb08
Event: 10.077 Thread 0x0000020148de6bf0 flushing  nmethod 0x0000020134888608
Event: 10.077 Thread 0x0000020148de6bf0 flushing  nmethod 0x0000020134919508
Event: 10.077 Thread 0x0000020148de6bf0 flushing  nmethod 0x0000020134a13488
Event: 10.077 Thread 0x0000020148de6bf0 flushing  nmethod 0x0000020134b02688
Event: 10.077 Thread 0x0000020148de6bf0 flushing  nmethod 0x0000020134d01188
Event: 10.077 Thread 0x0000020148de6bf0 flushing  nmethod 0x0000020134d37d88
Event: 10.077 Thread 0x0000020148de6bf0 flushing  nmethod 0x0000020134d38588

Events (20 events):
Event: 0.067 Thread 0x0000020129b8d490 Thread added: 0x0000020148e067b0
Event: 0.067 Thread 0x0000020129b8d490 Thread added: 0x0000020148e07210
Event: 0.068 Thread 0x0000020129b8d490 Thread added: 0x0000020148e07da0
Event: 0.068 Thread 0x0000020129b8d490 Thread added: 0x0000020148e08800
Event: 0.068 Thread 0x0000020129b8d490 Thread added: 0x0000020148e0b5a0
Event: 0.068 Thread 0x0000020129b8d490 Thread added: 0x0000020148e14060
Event: 0.181 Thread 0x0000020129b8d490 Thread added: 0x000002018e0fd2e0
Event: 0.444 Thread 0x0000020129b8d490 Thread added: 0x000002018e60aed0
Event: 0.444 Thread 0x0000020129b8d490 Thread added: 0x000002018e60efe0
Event: 0.561 Thread 0x0000020148e0b5a0 Thread added: 0x000002018e7058b0
Event: 1.591 Thread 0x0000020129b8d490 Thread added: 0x000002018ee651f0
Event: 2.269 Thread 0x000002018ee651f0 Thread exited: 0x000002018ee651f0
Event: 2.347 Thread 0x0000020129b8d490 Thread added: 0x000002018f88fb90
Event: 2.379 Thread 0x000002018f88fb90 Thread exited: 0x000002018f88fb90
Event: 5.292 Thread 0x0000020129b8d490 Thread added: 0x000002019121e710
Event: 7.041 Thread 0x0000020129b8d490 Thread added: 0x000002019121ccd0
Event: 7.152 Thread 0x000002019121ccd0 Thread added: 0x000002019121f430
Event: 9.361 Thread 0x0000020129b8d490 Thread added: 0x0000020191946200
Event: 9.362 Thread 0x0000020191946200 Thread added: 0x00000201919475b0
Event: 9.366 Thread 0x0000020129b8d490 Thread added: 0x0000020191947c40


Dynamic libraries:
0x00007ff72dc90000 - 0x00007ff72dca0000 	C:\Program Files\Java\jdk-23\bin\java.exe
0x00007ffdc1850000 - 0x00007ffdc1a67000 	C:\WINDOWS\SYSTEM32\ntdll.dll
0x00007ffdbf5d0000 - 0x00007ffdbf694000 	C:\WINDOWS\System32\KERNEL32.DLL
0x00007ffdbef20000 - 0x00007ffdbf2d9000 	C:\WINDOWS\System32\KERNELBASE.dll
0x00007ffdbece0000 - 0x00007ffdbedf1000 	C:\WINDOWS\System32\ucrtbase.dll
0x00007ffda3eb0000 - 0x00007ffda3ec7000 	C:\Program Files\Java\jdk-23\bin\jli.dll
0x00007ffdb0a00000 - 0x00007ffdb0a1b000 	C:\Program Files\Java\jdk-23\bin\VCRUNTIME140.dll
0x00007ffdc0480000 - 0x00007ffdc062e000 	C:\WINDOWS\System32\USER32.dll
0x00007ffdbecb0000 - 0x00007ffdbecd6000 	C:\WINDOWS\System32\win32u.dll
0x00007ffdaa480000 - 0x00007ffdaa712000 	C:\WINDOWS\WinSxS\amd64_microsoft.windows.common-controls_6595b64144ccf1df_6.0.22621.4391_none_2715d37f73803e96\COMCTL32.dll
0x00007ffdc0910000 - 0x00007ffdc0939000 	C:\WINDOWS\System32\GDI32.dll
0x00007ffdc02c0000 - 0x00007ffdc0367000 	C:\WINDOWS\System32\msvcrt.dll
0x00007ffdbee00000 - 0x00007ffdbef1b000 	C:\WINDOWS\System32\gdi32full.dll
0x00007ffdbeb50000 - 0x00007ffdbebea000 	C:\WINDOWS\System32\msvcp_win.dll
0x00007ffdbf810000 - 0x00007ffdbf841000 	C:\WINDOWS\System32\IMM32.DLL
0x00007ffd9f900000 - 0x00007ffd9f90c000 	C:\Program Files\Java\jdk-23\bin\vcruntime140_1.dll
0x00007ffd4dc10000 - 0x00007ffd4dc9e000 	C:\Program Files\Java\jdk-23\bin\msvcp140.dll
0x00007ffcdefe0000 - 0x00007ffcdfd2f000 	C:\Program Files\Java\jdk-23\bin\server\jvm.dll
0x00007ffdbff10000 - 0x00007ffdbffc2000 	C:\WINDOWS\System32\ADVAPI32.dll
0x00007ffdbf9e0000 - 0x00007ffdbfa87000 	C:\WINDOWS\System32\sechost.dll
0x00007ffdbf540000 - 0x00007ffdbf568000 	C:\WINDOWS\System32\bcrypt.dll
0x00007ffdc0190000 - 0x00007ffdc02a4000 	C:\WINDOWS\System32\RPCRT4.dll
0x00007ffdbf960000 - 0x00007ffdbf9d1000 	C:\WINDOWS\System32\WS2_32.dll
0x00007ffdb5730000 - 0x00007ffdb573a000 	C:\WINDOWS\SYSTEM32\VERSION.dll
0x00007ffdbea20000 - 0x00007ffdbea6d000 	C:\WINDOWS\SYSTEM32\POWRPROF.dll
0x00007ffdb8e50000 - 0x00007ffdb8e84000 	C:\WINDOWS\SYSTEM32\WINMM.dll
0x00007ffdbea00000 - 0x00007ffdbea13000 	C:\WINDOWS\SYSTEM32\UMPDC.dll
0x00007ffdbdb90000 - 0x00007ffdbdba8000 	C:\WINDOWS\SYSTEM32\kernel.appcore.dll
0x00007ffd9f3c0000 - 0x00007ffd9f3ca000 	C:\Program Files\Java\jdk-23\bin\jimage.dll
0x00007ffdb6b00000 - 0x00007ffdb6d32000 	C:\WINDOWS\SYSTEM32\DBGHELP.DLL
0x00007ffdc1470000 - 0x00007ffdc17ff000 	C:\WINDOWS\System32\combase.dll
0x00007ffdc03a0000 - 0x00007ffdc0477000 	C:\WINDOWS\System32\OLEAUT32.dll
0x00007ffdb67f0000 - 0x00007ffdb6822000 	C:\WINDOWS\SYSTEM32\dbgcore.DLL
0x00007ffdbf4c0000 - 0x00007ffdbf53b000 	C:\WINDOWS\System32\bcryptPrimitives.dll
0x00007ffdb8b00000 - 0x00007ffdb8b0f000 	C:\Program Files\Java\jdk-23\bin\instrument.dll
0x00007ffd9f360000 - 0x00007ffd9f37e000 	C:\Program Files\Java\jdk-23\bin\java.dll
0x00007ffdc11c0000 - 0x00007ffdc1365000 	C:\WINDOWS\System32\ole32.dll
0x00007ffdc0940000 - 0x00007ffdc11b6000 	C:\WINDOWS\System32\SHELL32.dll
0x00007ffdbca90000 - 0x00007ffdbd393000 	C:\WINDOWS\SYSTEM32\windows.storage.dll
0x00007ffdbc950000 - 0x00007ffdbca8f000 	C:\WINDOWS\SYSTEM32\wintypes.dll
0x00007ffdc1370000 - 0x00007ffdc1469000 	C:\WINDOWS\System32\SHCORE.dll
0x00007ffdbf570000 - 0x00007ffdbf5ce000 	C:\WINDOWS\System32\shlwapi.dll
0x00007ffdbea80000 - 0x00007ffdbeaab000 	C:\WINDOWS\SYSTEM32\profapi.dll
0x00007ffd25e40000 - 0x00007ffd25f17000 	C:\Program Files\Java\jdk-23\bin\jsvml.dll
0x00007ffd961a0000 - 0x00007ffd961b7000 	C:\Program Files\Java\jdk-23\bin\zip.dll
0x00007ffd9f310000 - 0x00007ffd9f320000 	C:\Program Files\Java\jdk-23\bin\net.dll
0x00007ffdbe010000 - 0x00007ffdbe079000 	C:\WINDOWS\system32\mswsock.dll
0x00007ffd9b350000 - 0x00007ffd9b366000 	C:\Program Files\Java\jdk-23\bin\nio.dll
0x00007ffdab150000 - 0x00007ffdab16a000 	C:\Program Files\JetBrains\IntelliJ IDEA Community Edition 2024.2.3\bin\breakgen64.dll
0x00007ffd9ee70000 - 0x00007ffd9ee79000 	C:\Program Files\Java\jdk-23\bin\extnet.dll
0x00007ffd9c240000 - 0x00007ffd9c24e000 	C:\Program Files\Java\jdk-23\bin\sunmscapi.dll
0x00007ffdbf350000 - 0x00007ffdbf4b6000 	C:\WINDOWS\System32\CRYPT32.dll
0x00007ffdbe400000 - 0x00007ffdbe42d000 	C:\WINDOWS\SYSTEM32\ncrypt.dll
0x00007ffdbe3c0000 - 0x00007ffdbe3f7000 	C:\WINDOWS\SYSTEM32\NTASN1.dll
0x00007ffdbe260000 - 0x00007ffdbe27b000 	C:\WINDOWS\SYSTEM32\CRYPTSP.dll
0x00007ffdbdaf0000 - 0x00007ffdbdb25000 	C:\WINDOWS\system32\rsaenh.dll
0x00007ffdbe100000 - 0x00007ffdbe128000 	C:\WINDOWS\SYSTEM32\USERENV.dll
0x00007ffdbe280000 - 0x00007ffdbe28c000 	C:\WINDOWS\SYSTEM32\CRYPTBASE.dll
0x00007ffdbd600000 - 0x00007ffdbd62d000 	C:\WINDOWS\SYSTEM32\IPHLPAPI.DLL
0x00007ffdc02b0000 - 0x00007ffdc02b9000 	C:\WINDOWS\System32\NSI.dll
0x00007ffdb5f00000 - 0x00007ffdb5f0a000 	C:\Program Files\Java\jdk-23\bin\management.dll
0x00007ffdb38a0000 - 0x00007ffdb38ab000 	C:\Program Files\Java\jdk-23\bin\management_ext.dll
0x00007ffdc0370000 - 0x00007ffdc0378000 	C:\WINDOWS\System32\PSAPI.DLL
0x00007ffd9e480000 - 0x00007ffd9e490000 	C:\Program Files\Java\jdk-23\bin\verify.dll
0x00007ffdbd670000 - 0x00007ffdbd772000 	C:\WINDOWS\SYSTEM32\DNSAPI.dll
0x000000005ca10000 - 0x000000005ca36000 	C:\Program Files\Bonjour\mdnsNSP.dll
0x00007ffdb8610000 - 0x00007ffdb861a000 	C:\Windows\System32\rasadhlp.dll
0x00007ffdb9080000 - 0x00007ffdb9103000 	C:\WINDOWS\System32\fwpuclnt.dll

dbghelp: loaded successfully - version: 4.0.5 - missing functions: none
symbol engine: initialized successfully - sym options: 0x614 - pdb path: .;C:\Program Files\Java\jdk-23\bin;C:\WINDOWS\SYSTEM32;C:\WINDOWS\WinSxS\amd64_microsoft.windows.common-controls_6595b64144ccf1df_6.0.22621.4391_none_2715d37f73803e96;C:\Program Files\Java\jdk-23\bin\server;C:\Program Files\JetBrains\IntelliJ IDEA Community Edition 2024.2.3\bin;C:\Program Files\Bonjour

VM Arguments:
jvm_args: -javaagent:C:\Program Files\JetBrains\IntelliJ IDEA Community Edition 2024.2.3\lib\idea_rt.jar=59904:C:\Program Files\JetBrains\IntelliJ IDEA Community Edition 2024.2.3\bin -Dfile.encoding=UTF-8 -Dsun.stdout.encoding=UTF-8 -Dsun.stderr.encoding=UTF-8 
java_command: org.example.Main
java_class_path (initial): D:\BTLHDV\TourDL\Backend\target\classes;C:\Users\nickz\.m2\repository\org\springframework\boot\spring-boot-starter-web\3.3.4\spring-boot-starter-web-3.3.4.jar;C:\Users\nickz\.m2\repository\org\springframework\boot\spring-boot-starter\3.3.4\spring-boot-starter-3.3.4.jar;C:\Users\nickz\.m2\repository\org\springframework\boot\spring-boot\3.3.4\spring-boot-3.3.4.jar;C:\Users\nickz\.m2\repository\org\springframework\boot\spring-boot-autoconfigure\3.3.4\spring-boot-autoconfigure-3.3.4.jar;C:\Users\nickz\.m2\repository\org\springframework\boot\spring-boot-starter-logging\3.3.4\spring-boot-starter-logging-3.3.4.jar;C:\Users\nickz\.m2\repository\ch\qos\logback\logback-classic\1.5.8\logback-classic-1.5.8.jar;C:\Users\nickz\.m2\repository\ch\qos\logback\logback-core\1.5.8\logback-core-1.5.8.jar;C:\Users\nickz\.m2\repository\org\apache\logging\log4j\log4j-to-slf4j\2.23.1\log4j-to-slf4j-2.23.1.jar;C:\Users\nickz\.m2\repository\org\apache\logging\log4j\log4j-api\2.23.1\log4j-api-2.23.1.jar;C:\Users\nickz\.m2\repository\org\slf4j\jul-to-slf4j\2.0.16\jul-to-slf4j-2.0.16.jar;C:\Users\nickz\.m2\repository\jakarta\annotation\jakarta.annotation-api\2.1.1\jakarta.annotation-api-2.1.1.jar;C:\Users\nickz\.m2\repository\org\yaml\snakeyaml\2.2\snakeyaml-2.2.jar;C:\Users\nickz\.m2\repository\org\springframework\boot\spring-boot-starter-json\3.3.4\spring-boot-starter-json-3.3.4.jar;C:\Users\nickz\.m2\repository\com\fasterxml\jackson\datatype\jackson-datatype-jdk8\2.17.2\jackson-datatype-jdk8-2.17.2.jar;C:\Users\nickz\.m2\repository\com\fasterxml\jackson\datatype\jackson-datatype-jsr310\2.17.2\jackson-datatype-jsr310-2.17.2.jar;C:\Users\nickz\.m2\repository\com\fasterxml\jackson\module\jackson-module-parameter-names\2.17.2\jackson-module-parameter-names-2.17.2.jar;C:\Users\nickz\.m2\repository\org\springframework\boot\spring-boot-starter-tomcat\3.3.4\spring-boot-starter-tomcat-3.3.4.jar;C:\Users\nickz\.m2\repository\org\apache\tomcat\embed\tomcat-embed-core\10.1.30\tomcat-embed-core-10.1.30.jar;C:\Users\nickz\.m2\repository\org\apache\tomcat\embed\tomcat-embed-el\10.1.30\tomcat-embed-el-10.1.30.jar;C:\Users\nickz\.m2\repository\org\apache\tomcat\embed\tomcat-embed-websocket\10.1.30\tomcat-embed-websocket-10.1.30.jar;C:\Users\nickz\.m2\repository\org\springframework\spring-web\6.1.13\spring-web-6.1.13.jar;C:\Users\nickz\.m2\repository\org\springframework\spring-beans\6.1.13\spring-beans-6.1.13.jar;C:\Users\nickz\.m2\repository\io\micrometer\micrometer-observation\1.12.10\micrometer-observation-1.12.10.jar;C:\Users\nickz\.m2\repository\io\micrometer\micrometer-commons\1.12.10\micrometer-commons-1.12.10.jar;C:\Users\nickz\.m2\repository\org\springframework\spring-webmvc\6.1.13\spring-webmvc-6.1.13.jar;C:\Users\nickz\.m2\repository\org\springframework\spring-context\6.1.13\spring-context-6.1.13.jar;C:\Users\nickz\.m2\repository\org\springframework\spring-expression\6.1.13\spring-expression-6.1.13.jar;C:\Users\nickz\.m2\repository\org\springframework\boot\spring-boot-starter-data-jpa\3.3.4\spring-boot-starter-data-jpa-3.3.4.jar;C:\Users\nickz\.m2\repository\org\springframework\boot\spring-boot-starter-aop\3.3.4\spring-boot-starter-aop-3.3.4.jar;C:\Users\nickz\.m2\repository\org\aspectj\aspectjweaver\1.9.22.1\aspectjweaver-1.9.22.1.jar;C:\Users\nickz\.m2\repository\org\springframework\boot\spring-boot-starter-jdbc\3.3.4\spring-boot-starter-jdbc-3.3.4.jar;C:\Users\nickz\.m2\repository\com\zaxxer\HikariCP\5.1.0\HikariCP-5.1.0.jar;C:\Users\nickz\.m2\repository\org\springframework\spring-jdbc\6.1.13\spring-jdbc-6.1.13.jar;C:\Users\nickz\.m2\repository\org\hibernate\orm\hibernate-core\6.5.3.Final\hibernate-core-6.5.3.Final.jar;C:\Users\nickz\.m2\repository\jakarta\persistence\jakarta.persistence-api\3.1.0\jakarta.persistence-api-3.1.0.jar;C:\Users\nickz\.m2\repository\jakarta\transaction\jakarta.transaction-api\2.0.1\jakarta.transaction-api-2.0.1.jar;C:\Users\nickz\.m2\repository\org\jboss\logging\jboss-logging\3.5.0.Final\jboss-logging-3.5.0.Final.jar;C:\Users\nickz\.m2\repository\org\hibernate\common\hibernate-commons-annotations\6.0.6.Final\hibernate-commons-annotations-6.0.6.Final.jar;C:\Users\nickz\.m2\repository\io\smallrye\jandex\3.1.2\jandex-3.1.2.jar;C:\Users\nickz\.m2\repository\com\fasterxml\classmate\1.5.1\classmate-1.5.1.jar;C:\Users\nickz\.m2\repository\net\bytebuddy\byte-buddy\1.14.15\byte-buddy-1.14.15.jar;C:\Users\nickz\.m2\repository\org\glassfish\jaxb\jaxb-runtime\4.0.2\jaxb-runtime-4.0.2.jar;C:\Users\nickz\.m2\repository\org\glassfish\jaxb\jaxb-core\4.0.2\jaxb-core-4.0.2.jar;C:\Users\nickz\.m2\repository\org\eclipse\angus\angus-activation\2.0.0\angus-activation-2.0.0.jar;C:\Users\nickz\.m2\repository\org\glassfish\jaxb\txw2\4.0.2\txw2-4.0.2.jar;C:\Users\nickz\.m2\repository\com\sun\istack\istack-commons-runtime\4.1.1\istack-commons-runtime-4.1.1.jar;C:\Users\nickz\.m2\repository\jakarta\inject\jakarta.inject-api\2.0.1\jakarta.inject-api-2.0.1.jar;C:\Users\nickz\.m2\repository\org\antlr\antlr4-runtime\4.13.0\antlr4-runtime-4.13.0.jar;C:\Users\nickz\.m2\repository\org\springframework\data\spring-data-jpa\3.3.4\spring-data-jpa-3.3.4.jar;C:\Users\nickz\.m2\repository\org\springframework\data\spring-data-commons\3.3.4\spring-data-commons-3.3.4.jar;C:\Users\nickz\.m2\repository\org\springframework\spring-orm\6.1.13\spring-orm-6.1.13.jar;C:\Users\nickz\.m2\repository\org\springframework\spring-tx\6.1.13\spring-tx-6.1.13.jar;C:\Users\nickz\.m2\repository\org\slf4j\slf4j-api\2.0.2\slf4j-api-2.0.2.jar;C:\Users\nickz\.m2\repository\org\springframework\spring-aspects\6.1.13\spring-aspects-6.1.13.jar;C:\Users\nickz\.m2\repository\jakarta\xml\bind\jakarta.xml.bind-api\4.0.2\jakarta.xml.bind-api-4.0.2.jar;C:\Users\nickz\.m2\repository\jakarta\activation\jakarta.activation-api\2.1.3\jakarta.activation-api-2.1.3.jar;C:\Users\nickz\.m2\repository\org\springframework\spring-core\6.1.13\spring-core-6.1.13.jar;C:\Users\nickz\.m2\repository\org\springframework\spring-jcl\6.1.13\spring-jcl-6.1.13.jar;C:\Users\nickz\.m2\repository\org\springframework\boot\spring-boot-starter-security\3.3.4\spring-boot-starter-security-3.3.4.jar;C:\Users\nickz\.m2\repository\org\springframework\spring-aop\6.1.13\spring-aop-6.1.13.jar;C:\Users\nickz\.m2\repository\org\springframework\security\spring-security-config\6.3.3\spring-security-config-6.3.3.jar;C:\Users\nickz\.m2\repository\org\springframework\security\spring-security-core\6.3.3\spring-security-core-6.3.3.jar;C:\Users\nickz\.m2\repository\org\springframework\security\spring-security-crypto\6.3.3\spring-security-crypto-6.3.3.jar;C:\Users\nickz\.m2\repository\org\springframework\security\spring-security-web\6.3.3\spring-security-web-6.3.3.jar;C:\Users\nickz\.m2\repository\mysql\mysql-connector-java\8.0.30\mysql-connector-java-8.0.30.jar;C:\Users\nickz\.m2\repository\com\google\protobuf\protobuf-java\3.19.4\protobuf-java-3.19.4.jar;C:\Users\nickz\.m2\repository\io\jsonwebtoken\jjwt-api\0.11.5\jjwt-api-0.11.5.jar;C:\Users\nickz\.m2\repository\io\jsonwebtoken\jjwt-impl\0.11.5\jjwt-impl-0.11.5.jar;C:\Users\nickz\.m2\repository\io\jsonwebtoken\jjwt-jackson\0.11.5\jjwt-jackson-0.11.5.jar;C:\Users\nickz\.m2\repository\org\modelmapper\extensions\modelmapper-spring\3.1.0\modelmapper-spring-3.1.0.jar;C:\Users\nickz\.m2\repository\org\modelmapper\modelmapper\3.1.0\modelmapper-3.1.0.jar;C:\Users\nickz\.m2\repository\com\fasterxml\jackson\core\jackson-databind\2.15.2\jackson-databind-2.15.2.jar;C:\Users\nickz\.m2\repository\com\fasterxml\jackson\core\jackson-annotations\2.15.2\jackson-annotations-2.15.2.jar;C:\Users\nickz\.m2\repository\com\fasterxml\jackson\core\jackson-core\2.15.2\jackson-core-2.15.2.jar;C:\Users\nickz\.m2\repository\org\springdoc\springdoc-openapi-starter-webmvc-ui\2.2.0\springdoc-openapi-starter-webmvc-ui-2.2.0.jar;C:\Users\nickz\.m2\repository\org\springdoc\springdoc-openapi-starter-webmvc-api\2.2.0\springdoc-openapi-starter-webmvc-api-2.2.0.jar;C:\Users\nickz\.m2\repository\org\springdoc\springdoc-openapi-starter-common\2.2.0\springdoc-openapi-starter-common-2.2.0.jar;C:\Users\nickz\.m2\repository\io\swagger\core\v3\swagger-core-jakarta\2.2.15\swagger-core-jakarta-2.2.15.jar;C:\Users\nickz\.m2\repository\org\apache\commons\commons-lang3\3.12.0\commons-lang3-3.12.0.jar;C:\Users\nickz\.m2\repository\io\swagger\core\v3\swagger-annotations-jakarta\2.2.15\swagger-annotations-jakarta-2.2.15.jar;C:\Users\nickz\.m2\repository\io\swagger\core\v3\swagger-models-jakarta\2.2.15\swagger-models-jakarta-2.2.15.jar;C:\Users\nickz\.m2\repository\jakarta\validation\jakarta.validation-api\3.0.2\jakarta.validation-api-3.0.2.jar;C:\Users\nickz\.m2\repository\com\fasterxml\jackson\dataformat\jackson-dataformat-yaml\2.15.1\jackson-dataformat-yaml-2.15.1.jar;C:\Users\nickz\.m2\repository\org\webjars\swagger-ui\5.2.0\swagger-ui-5.2.0.jar
Launcher Type: SUN_STANDARD

[Global flags]
     intx CICompilerCount                          = 4                                         {product} {ergonomic}
     uint ConcGCThreads                            = 3                                         {product} {ergonomic}
     uint G1ConcRefinementThreads                  = 10                                        {product} {ergonomic}
   size_t G1HeapRegionSize                         = 1048576                                   {product} {ergonomic}
   size_t InitialHeapSize                          = 125829120                                 {product} {ergonomic}
   size_t MarkStackSize                            = 4194304                                   {product} {ergonomic}
   size_t MarkStackSizeMax                         = 536870912                                 {product} {ergonomic}
   size_t MaxHeapSize                              = 1988100096                                {product} {ergonomic}
   size_t MaxNewSize                               = 1192230912                                {product} {ergonomic}
   size_t MinHeapDeltaBytes                        = 1048576                                   {product} {ergonomic}
   size_t MinHeapSize                              = 8388608                                   {product} {ergonomic}
    uintx NonNMethodCodeHeapSize                   = 5832704                                {pd product} {ergonomic}
    uintx NonProfiledCodeHeapSize                  = 122945536                              {pd product} {ergonomic}
    uintx ProfiledCodeHeapSize                     = 122880000                              {pd product} {ergonomic}
    uintx ReservedCodeCacheSize                    = 251658240                              {pd product} {ergonomic}
     bool SegmentedCodeCache                       = true                                      {product} {ergonomic}
   size_t SoftMaxHeapSize                          = 1988100096                             {manageable} {ergonomic}
     bool UseCompressedOops                        = true                           {product lp64_product} {ergonomic}
     bool UseG1GC                                  = true                                      {product} {ergonomic}
     bool UseLargePagesIndividualAllocation        = false                                  {pd product} {ergonomic}

Logging:
Log output configuration:
 #0: stdout all=warning uptime,level,tags foldmultilines=false
 #1: stderr all=off uptime,level,tags foldmultilines=false

Environment Variables:
JAVA_HOME=C:\Program Files\Java\jdk-23
PATH=C:\Program Files (x86)\VMware\VMware Workstation\bin\;C:\WINDOWS\system32;C:\WINDOWS;C:\WINDOWS\System32\Wbem;C:\WINDOWS\System32\WindowsPowerShell\v1.0\;C:\WINDOWS\System32\OpenSSH\;C:\Program Files (x86)\Microsoft SQL Server\160\Tools\Binn\;C:\Program Files\Microsoft SQL Server\160\Tools\Binn\;C:\Program Files\Microsoft SQL Server\Client SDK\ODBC\170\Tools\Binn\;C:\Program Files\Microsoft SQL Server\160\DTS\Binn\;C:\Program Files (x86)\Microsoft SQL Server\160\DTS\Binn\;C:\Program Files\Azure Data Studio\bin;C:\Program Files\Git\cmd;C:\Program Files\dotnet\;C:\Program Files\nodejs\;C:\Users\nickz\AppData\Roaming\npm;C:\Program Files\Java\jdk-23\bin;C:\Program Files\apache-maven-3.9.9-bin\apache-maven-3.9.9\bin;C:\Users\nickz\AppData\Local\Microsoft\WindowsApps;C:\Program Files\Azure Data Studio\bin;D:\TA\Microsoft VS Code\bin;C:\Users\nickz\AppData\Roaming\npm;C:\Program Files\nodejs\;C:\Program Files\apache-maven-3.9.9-bin\apache-maven-3.9.9\bin;
USERNAME=nickz
OS=Windows_NT
PROCESSOR_IDENTIFIER=AMD64 Family 23 Model 96 Stepping 1, AuthenticAMD
TMP=C:\Users\nickz\AppData\Local\Temp
TEMP=C:\Users\nickz\AppData\Local\Temp




Periodic native trim disabled

---------------  S Y S T E M  ---------------

OS:
 Windows 11 , 64 bit Build 22621 (10.0.22621.4391)
OS uptime: 5 days 11:12 hours

CPU: total 12 (initial active 12) (12 cores per cpu, 2 threads per core) family 23 model 96 stepping 1 microcode 0x0, cx8, cmov, fxsr, ht, mmx, 3dnowpref, sse, sse2, sse3, ssse3, sse4a, sse4.1, sse4.2, popcnt, lzcnt, tsc, tscinvbit, avx, avx2, aes, clmul, bmi1, bmi2, adx, sha, fma, vzeroupper, clflush, clflushopt, rdtscp, rdpid, f16c
Processor Information for the first 12 processors :
  Max Mhz: 3000, Current Mhz: 3000, Mhz Limit: 3000

Memory: 4k page, system-wide physical 7579M (467M free)
TotalPageFile size 19089M (AvailPageFile size 215M)
current process WorkingSet (physical memory assigned to process): 291M, peak: 291M
current process commit charge ("private bytes"): 331M, peak: 331M

vm_info: Java HotSpot(TM) 64-Bit Server VM (23+37-2369) for windows-amd64 JRE (23+37-2369), built on 2024-08-20T16:01:23Z with MS VC++ 17.6 (VS2022)

END.
